

================================================================
== Vitis HLS Report for 'generic_tanh_double_s'
================================================================
* Date:           Tue Apr 22 20:10:38 2025

* Version:        2023.2 (Build 4023990 on Oct 11 2023)
* Project:        es_proj
* Solution:       solution1 (Vivado IP Flow Target)
* Product family: zynquplus
* Target device:  xczu7ev-ffvf1517-3-e


================================================================
== Performance Estimates
================================================================
+ Timing: 
    * Summary: 
    +--------+----------+----------+------------+
    |  Clock |  Target  | Estimated| Uncertainty|
    +--------+----------+----------+------------+
    |ap_clk  |  10.00 ns|  7.275 ns|     2.70 ns|
    +--------+----------+----------+------------+

+ Latency: 
    * Summary: 
    +---------+---------+----------+----------+-----+-----+---------+
    |  Latency (cycles) |  Latency (absolute) |  Interval | Pipeline|
    |   min   |   max   |    min   |    max   | min | max |   Type  |
    +---------+---------+----------+----------+-----+-----+---------+
    |       45|       45|  0.450 us|  0.450 us|    1|    1|      yes|
    +---------+---------+----------+----------+-----+-----+---------+

    + Detail: 
        * Instance: 
        N/A

        * Loop: 
        N/A

============================================================
+ Verbose Summary: Synthesis Manager
============================================================
InlineROM: 1
ExposeGlobal: 0
============================================================
+ Verbose Summary: CDFG Model
============================================================
IsTopModel: 0
ResetActiveHigh: 1
IsCombinational: 0
IsDatapathOnly: 0
HasWiredReturn: 1
HasMFsm: 2
HasVarLatency: 0
IsPipeline: 1
IsRtlPipelined: 1
IsInstanceOverlapped: 0
IsDontTouch: 0
HasImplIP: 0
IsGatedGlobalClock: 0

+ Individual pipeline summary: 
  * Pipeline-0: initiation interval (II) = 1, depth = 46


============================================================
+ Verbose Summary: Schedule
============================================================
* Number of FSM states : 46
* Pipeline : 1
  Pipeline-0 : II = 1, D = 46, States = { 1 2 3 4 5 6 7 8 9 10 11 12 13 14 15 16 17 18 19 20 21 22 23 24 25 26 27 28 29 30 31 32 33 34 35 36 37 38 39 40 41 42 43 44 45 46 }
* Dataflow Pipeline: 0

* FSM state transitions: 
1 --> 2 
2 --> 3 
3 --> 4 
4 --> 5 
5 --> 6 
6 --> 7 
7 --> 8 
8 --> 9 
9 --> 10 
10 --> 11 
11 --> 12 
12 --> 13 
13 --> 14 
14 --> 15 
15 --> 16 
16 --> 17 
17 --> 18 
18 --> 19 
19 --> 20 
20 --> 21 
21 --> 22 
22 --> 23 
23 --> 24 
24 --> 25 
25 --> 26 
26 --> 27 
27 --> 28 
28 --> 29 
29 --> 30 
30 --> 31 
31 --> 32 
32 --> 33 
33 --> 34 
34 --> 35 
35 --> 36 
36 --> 37 
37 --> 38 
38 --> 39 
39 --> 40 
40 --> 41 
41 --> 42 
42 --> 43 
43 --> 44 
44 --> 45 
45 --> 46 
46 --> 

* FSM state operations: 

State 1 <SV = 0> <Delay = 5.46>
ST_1 : Operation 47 [1/1] (0.00ns)   --->   "%t_in_read = read i64 @_ssdm_op_Read.ap_auto.double, i64 %t_in" [C:\scratch\2023.2\hls_product\689\2023.2\src\shared\hls\clib/hlsmath/include/FloatingPoint\hls_tanh.h:28]   --->   Operation 47 'read' 't_in_read' <Predicate = true> <Delay = 0.00>
ST_1 : Operation 48 [1/1] (0.00ns)   --->   "%data = bitcast i64 %t_in_read" [C:\scratch\2023.2\hls_product\689\2023.2\src\shared\hls\clib/src/hls\utils/x_hls_utils.h:459->C:\scratch\2023.2\hls_product\689\2023.2\src\shared\hls\clib/hlsmath/include/FloatingPoint\hls_tanh.h:32]   --->   Operation 48 'bitcast' 'data' <Predicate = true> <Delay = 0.00>
ST_1 : Operation 49 [1/1] (0.00ns)   --->   "%din_sign = bitselect i1 @_ssdm_op_BitSelect.i1.i64.i32, i64 %data, i32 63" [C:\scratch\2023.2\hls_product\689\2023.2\src\shared\hls\clib/src/hls\utils/x_hls_utils.h:460->C:\scratch\2023.2\hls_product\689\2023.2\src\shared\hls\clib/hlsmath/include/FloatingPoint\hls_tanh.h:32]   --->   Operation 49 'bitselect' 'din_sign' <Predicate = true> <Delay = 0.00>
ST_1 : Operation 50 [1/1] (0.00ns)   --->   "%din_exp = partselect i11 @_ssdm_op_PartSelect.i11.i64.i32.i32, i64 %data, i32 52, i32 62" [C:\scratch\2023.2\hls_product\689\2023.2\src\shared\hls\clib/src/hls\utils/x_hls_utils.h:461->C:\scratch\2023.2\hls_product\689\2023.2\src\shared\hls\clib/hlsmath/include/FloatingPoint\hls_tanh.h:32]   --->   Operation 50 'partselect' 'din_exp' <Predicate = true> <Delay = 0.00>
ST_1 : Operation 51 [1/1] (0.00ns)   --->   "%din_sig = trunc i64 %data" [C:\scratch\2023.2\hls_product\689\2023.2\src\shared\hls\clib/src/hls\utils/x_hls_utils.h:462->C:\scratch\2023.2\hls_product\689\2023.2\src\shared\hls\clib/hlsmath/include/FloatingPoint\hls_tanh.h:32]   --->   Operation 51 'trunc' 'din_sig' <Predicate = true> <Delay = 0.00>
ST_1 : Operation 52 [1/1] (0.00ns)   --->   "%trunc_ln479 = trunc i64 %data" [C:\scratch\2023.2\hls_product\689\2023.2\src\shared\hls\clib/src/hls\utils/x_hls_utils.h:479->C:\scratch\2023.2\hls_product\689\2023.2\src\shared\hls\clib/src/hls\utils/x_hls_utils.h:496->C:\scratch\2023.2\hls_product\689\2023.2\src\shared\hls\clib/src/hls\utils/x_hls_utils.h:510->C:\scratch\2023.2\hls_product\689\2023.2\src\shared\hls\clib/hlsmath/include/FloatingPoint/hls_copysign.h:14->C:\scratch\2023.2\hls_product\689\2023.2\src\shared\hls\clib/hlsmath/include/FloatingPoint/hls_fabs.h:13->C:\scratch\2023.2\hls_product\689\2023.2\src\shared\hls\clib/hlsmath/include/FloatingPoint\hls_tanh.h:33]   --->   Operation 52 'trunc' 'trunc_ln479' <Predicate = true> <Delay = 0.00>
ST_1 : Operation 53 [1/1] (0.00ns)   --->   "%t = bitconcatenate i64 @_ssdm_op_BitConcatenate.i64.i1.i63, i1 0, i63 %trunc_ln479" [C:\scratch\2023.2\hls_product\689\2023.2\src\shared\hls\clib/src/hls\utils/x_hls_utils.h:479->C:\scratch\2023.2\hls_product\689\2023.2\src\shared\hls\clib/src/hls\utils/x_hls_utils.h:496->C:\scratch\2023.2\hls_product\689\2023.2\src\shared\hls\clib/src/hls\utils/x_hls_utils.h:510->C:\scratch\2023.2\hls_product\689\2023.2\src\shared\hls\clib/hlsmath/include/FloatingPoint/hls_copysign.h:14->C:\scratch\2023.2\hls_product\689\2023.2\src\shared\hls\clib/hlsmath/include/FloatingPoint/hls_fabs.h:13->C:\scratch\2023.2\hls_product\689\2023.2\src\shared\hls\clib/hlsmath/include/FloatingPoint\hls_tanh.h:33]   --->   Operation 53 'bitconcatenate' 't' <Predicate = true> <Delay = 0.00>
ST_1 : Operation 54 [1/1] (0.00ns)   --->   "%abst_in = bitcast i64 %t" [C:\scratch\2023.2\hls_product\689\2023.2\src\shared\hls\clib/src/hls\utils/x_hls_utils.h:497->C:\scratch\2023.2\hls_product\689\2023.2\src\shared\hls\clib/src/hls\utils/x_hls_utils.h:510->C:\scratch\2023.2\hls_product\689\2023.2\src\shared\hls\clib/hlsmath/include/FloatingPoint/hls_copysign.h:14->C:\scratch\2023.2\hls_product\689\2023.2\src\shared\hls\clib/hlsmath/include/FloatingPoint/hls_fabs.h:13->C:\scratch\2023.2\hls_product\689\2023.2\src\shared\hls\clib/hlsmath/include/FloatingPoint\hls_tanh.h:33]   --->   Operation 54 'bitcast' 'abst_in' <Predicate = true> <Delay = 0.00>
ST_1 : Operation 55 [1/1] (0.75ns)   --->   "%icmp_ln36 = icmp_eq  i11 %din_exp, i11 2047" [C:\scratch\2023.2\hls_product\689\2023.2\src\shared\hls\clib/hlsmath/include/FloatingPoint\hls_tanh.h:36]   --->   Operation 55 'icmp' 'icmp_ln36' <Predicate = true> <Delay = 0.75> <CoreInst = "Cmp">   --->   Core 9 'Cmp' <Latency = 0> <II = 1> <Delay = 0.75> <FuncUnit> <Opcode : 'icmp'> <InPorts = 2> <OutPorts = 1>
ST_1 : Operation 56 [1/1] (0.00ns)   --->   "%br_ln36 = br i1 %icmp_ln36, void %if.else5, void %if.then" [C:\scratch\2023.2\hls_product\689\2023.2\src\shared\hls\clib/hlsmath/include/FloatingPoint\hls_tanh.h:36]   --->   Operation 56 'br' 'br_ln36' <Predicate = true> <Delay = 0.00>
ST_1 : Operation 57 [1/1] (0.75ns)   --->   "%icmp_ln45 = icmp_ult  i11 %din_exp, i11 968" [C:\scratch\2023.2\hls_product\689\2023.2\src\shared\hls\clib/hlsmath/include/FloatingPoint\hls_tanh.h:45]   --->   Operation 57 'icmp' 'icmp_ln45' <Predicate = (!icmp_ln36)> <Delay = 0.75> <CoreInst = "Cmp">   --->   Core 9 'Cmp' <Latency = 0> <II = 1> <Delay = 0.75> <FuncUnit> <Opcode : 'icmp'> <InPorts = 2> <OutPorts = 1>
ST_1 : Operation 58 [1/1] (0.00ns)   --->   "%br_ln45 = br i1 %icmp_ln45, void %lor.lhs.false, void %if.then12" [C:\scratch\2023.2\hls_product\689\2023.2\src\shared\hls\clib/hlsmath/include/FloatingPoint\hls_tanh.h:45]   --->   Operation 58 'br' 'br_ln45' <Predicate = (!icmp_ln36)> <Delay = 0.00>
ST_1 : Operation 59 [1/1] (0.75ns)   --->   "%icmp_ln46 = icmp_eq  i11 %din_exp, i11 968" [C:\scratch\2023.2\hls_product\689\2023.2\src\shared\hls\clib/hlsmath/include/FloatingPoint\hls_tanh.h:46]   --->   Operation 59 'icmp' 'icmp_ln46' <Predicate = (!icmp_ln36 & !icmp_ln45)> <Delay = 0.75> <CoreInst = "Cmp">   --->   Core 9 'Cmp' <Latency = 0> <II = 1> <Delay = 0.75> <FuncUnit> <Opcode : 'icmp'> <InPorts = 2> <OutPorts = 1>
ST_1 : Operation 60 [1/1] (0.99ns)   --->   "%icmp_ln46_1 = icmp_eq  i52 %din_sig, i52 0" [C:\scratch\2023.2\hls_product\689\2023.2\src\shared\hls\clib/hlsmath/include/FloatingPoint\hls_tanh.h:46]   --->   Operation 60 'icmp' 'icmp_ln46_1' <Predicate = (!icmp_ln36 & !icmp_ln45)> <Delay = 0.99> <CoreInst = "Cmp">   --->   Core 9 'Cmp' <Latency = 0> <II = 1> <Delay = 0.99> <FuncUnit> <Opcode : 'icmp'> <InPorts = 2> <OutPorts = 1>
ST_1 : Operation 61 [1/1] (0.25ns)   --->   "%and_ln46 = and i1 %icmp_ln46, i1 %icmp_ln46_1" [C:\scratch\2023.2\hls_product\689\2023.2\src\shared\hls\clib/hlsmath/include/FloatingPoint\hls_tanh.h:46]   --->   Operation 61 'and' 'and_ln46' <Predicate = (!icmp_ln36 & !icmp_ln45)> <Delay = 0.25> <CoreInst = "LogicGate">   --->   Core 74 'LogicGate' <Latency = 0> <II = 1> <Delay = 0.25> <FuncUnit> <Opcode : 'and' 'or' 'xor'> <InPorts = 2> <OutPorts = 1>
ST_1 : Operation 62 [1/1] (0.00ns)   --->   "%br_ln46 = br i1 %and_ln46, void %if.else13, void %if.then12" [C:\scratch\2023.2\hls_product\689\2023.2\src\shared\hls\clib/hlsmath/include/FloatingPoint\hls_tanh.h:46]   --->   Operation 62 'br' 'br_ln46' <Predicate = (!icmp_ln36 & !icmp_ln45)> <Delay = 0.00>
ST_1 : Operation 63 [2/2] (2.79ns)   --->   "%tmp_2 = fcmp_olt  i64 %abst_in, i64 22" [C:\scratch\2023.2\hls_product\689\2023.2\src\shared\hls\clib/hlsmath/include/FloatingPoint\hls_tanh.h:51]   --->   Operation 63 'dcmp' 'tmp_2' <Predicate = (!icmp_ln36 & !icmp_ln45 & !and_ln46)> <Delay = 2.79> <CoreInst = "DCompare">   --->   Core 38 'DCompare' <Latency = 1> <II = 1> <Delay = 2.79> <FuncUnit> <Opcode : 'dcmp'> <InPorts = 2> <OutPorts = 1>
ST_1 : Operation 64 [5/5] (5.46ns)   --->   "%add = dadd i64 %abst_in, i64 1" [C:\scratch\2023.2\hls_product\689\2023.2\src\shared\hls\clib/hlsmath/include/FloatingPoint\hls_tanh.h:49]   --->   Operation 64 'dadd' 'add' <Predicate = (!icmp_ln36 & and_ln46) | (!icmp_ln36 & icmp_ln45)> <Delay = 5.46> <CoreInst = "DAddSub_fulldsp">   --->   Core 37 'DAddSub_fulldsp' <Latency = 4> <II = 1> <Delay = 5.46> <FuncUnit> <Opcode : 'dadd' 'dsub'> <InPorts = 2> <OutPorts = 1>
ST_1 : Operation 65 [1/1] (0.99ns)   --->   "%icmp_ln38 = icmp_ne  i52 %din_sig, i52 0" [C:\scratch\2023.2\hls_product\689\2023.2\src\shared\hls\clib/hlsmath/include/FloatingPoint\hls_tanh.h:38]   --->   Operation 65 'icmp' 'icmp_ln38' <Predicate = (icmp_ln36)> <Delay = 0.99> <CoreInst = "Cmp">   --->   Core 9 'Cmp' <Latency = 0> <II = 1> <Delay = 0.99> <FuncUnit> <Opcode : 'icmp'> <InPorts = 2> <OutPorts = 1>

State 2 <SV = 1> <Delay = 5.46>
ST_2 : Operation 66 [1/2] (2.79ns)   --->   "%tmp_2 = fcmp_olt  i64 %abst_in, i64 22" [C:\scratch\2023.2\hls_product\689\2023.2\src\shared\hls\clib/hlsmath/include/FloatingPoint\hls_tanh.h:51]   --->   Operation 66 'dcmp' 'tmp_2' <Predicate = (!icmp_ln36 & !icmp_ln45 & !and_ln46)> <Delay = 2.79> <CoreInst = "DCompare">   --->   Core 38 'DCompare' <Latency = 1> <II = 1> <Delay = 2.79> <FuncUnit> <Opcode : 'dcmp'> <InPorts = 2> <OutPorts = 1>
ST_2 : Operation 67 [1/1] (0.53ns)   --->   "%br_ln51 = br i1 %tmp_2, void %if.end38, void %if.then14" [C:\scratch\2023.2\hls_product\689\2023.2\src\shared\hls\clib/hlsmath/include/FloatingPoint\hls_tanh.h:51]   --->   Operation 67 'br' 'br_ln51' <Predicate = (!icmp_ln36 & !icmp_ln45 & !and_ln46)> <Delay = 0.53>
ST_2 : Operation 68 [1/1] (0.75ns)   --->   "%icmp_ln54 = icmp_ult  i11 %din_exp, i11 1023" [C:\scratch\2023.2\hls_product\689\2023.2\src\shared\hls\clib/hlsmath/include/FloatingPoint\hls_tanh.h:54]   --->   Operation 68 'icmp' 'icmp_ln54' <Predicate = (!icmp_ln36 & !icmp_ln45 & !and_ln46 & tmp_2)> <Delay = 0.75> <CoreInst = "Cmp">   --->   Core 9 'Cmp' <Latency = 0> <II = 1> <Delay = 0.75> <FuncUnit> <Opcode : 'icmp'> <InPorts = 2> <OutPorts = 1>
ST_2 : Operation 69 [1/1] (0.00ns)   --->   "%or_ln55 = or i64 %t, i64 9223372036854775808" [C:\scratch\2023.2\hls_product\689\2023.2\src\shared\hls\clib/hlsmath/include/FloatingPoint\hls_tanh.h:55]   --->   Operation 69 'or' 'or_ln55' <Predicate = (!icmp_ln36 & !icmp_ln45 & !and_ln46 & tmp_2)> <Delay = 0.00>
ST_2 : Operation 70 [1/1] (0.00ns)   --->   "%bitcast_ln55 = bitcast i64 %or_ln55" [C:\scratch\2023.2\hls_product\689\2023.2\src\shared\hls\clib/hlsmath/include/FloatingPoint\hls_tanh.h:55]   --->   Operation 70 'bitcast' 'bitcast_ln55' <Predicate = (!icmp_ln36 & !icmp_ln45 & !and_ln46 & tmp_2)> <Delay = 0.00>
ST_2 : Operation 71 [5/5] (5.46ns)   --->   "%x = dsub i64 %bitcast_ln55, i64 %abst_in" [C:\scratch\2023.2\hls_product\689\2023.2\src\shared\hls\clib/hlsmath/include/FloatingPoint\hls_tanh.h:55]   --->   Operation 71 'dsub' 'x' <Predicate = (!icmp_ln36 & !icmp_ln45 & !and_ln46 & tmp_2)> <Delay = 5.46> <CoreInst = "DAddSub_fulldsp">   --->   Core 37 'DAddSub_fulldsp' <Latency = 4> <II = 1> <Delay = 5.46> <FuncUnit> <Opcode : 'dadd' 'dsub'> <InPorts = 2> <OutPorts = 1>
ST_2 : Operation 72 [5/5] (5.46ns)   --->   "%x_1 = dadd i64 %abst_in, i64 %abst_in" [C:\scratch\2023.2\hls_product\689\2023.2\src\shared\hls\clib/hlsmath/include/FloatingPoint\hls_tanh.h:58]   --->   Operation 72 'dadd' 'x_1' <Predicate = (!icmp_ln36 & !icmp_ln45 & !and_ln46 & tmp_2)> <Delay = 5.46> <CoreInst = "DAddSub_fulldsp">   --->   Core 37 'DAddSub_fulldsp' <Latency = 4> <II = 1> <Delay = 5.46> <FuncUnit> <Opcode : 'dadd' 'dsub'> <InPorts = 2> <OutPorts = 1>
ST_2 : Operation 73 [1/1] (0.00ns)   --->   "%br_ln63 = br i1 %icmp_ln54, void %if.else28, void %if.then25" [C:\scratch\2023.2\hls_product\689\2023.2\src\shared\hls\clib/hlsmath/include/FloatingPoint\hls_tanh.h:63]   --->   Operation 73 'br' 'br_ln63' <Predicate = (!icmp_ln36 & !icmp_ln45 & !and_ln46 & tmp_2)> <Delay = 0.00>
ST_2 : Operation 74 [4/5] (5.46ns)   --->   "%add = dadd i64 %abst_in, i64 1" [C:\scratch\2023.2\hls_product\689\2023.2\src\shared\hls\clib/hlsmath/include/FloatingPoint\hls_tanh.h:49]   --->   Operation 74 'dadd' 'add' <Predicate = (!icmp_ln36 & and_ln46) | (!icmp_ln36 & icmp_ln45)> <Delay = 5.46> <CoreInst = "DAddSub_fulldsp">   --->   Core 37 'DAddSub_fulldsp' <Latency = 4> <II = 1> <Delay = 5.46> <FuncUnit> <Opcode : 'dadd' 'dsub'> <InPorts = 2> <OutPorts = 1>

State 3 <SV = 2> <Delay = 5.46>
ST_3 : Operation 75 [4/5] (5.46ns)   --->   "%x = dsub i64 %bitcast_ln55, i64 %abst_in" [C:\scratch\2023.2\hls_product\689\2023.2\src\shared\hls\clib/hlsmath/include/FloatingPoint\hls_tanh.h:55]   --->   Operation 75 'dsub' 'x' <Predicate = (!icmp_ln36 & !icmp_ln45 & !and_ln46 & tmp_2)> <Delay = 5.46> <CoreInst = "DAddSub_fulldsp">   --->   Core 37 'DAddSub_fulldsp' <Latency = 4> <II = 1> <Delay = 5.46> <FuncUnit> <Opcode : 'dadd' 'dsub'> <InPorts = 2> <OutPorts = 1>
ST_3 : Operation 76 [4/5] (5.46ns)   --->   "%x_1 = dadd i64 %abst_in, i64 %abst_in" [C:\scratch\2023.2\hls_product\689\2023.2\src\shared\hls\clib/hlsmath/include/FloatingPoint\hls_tanh.h:58]   --->   Operation 76 'dadd' 'x_1' <Predicate = (!icmp_ln36 & !icmp_ln45 & !and_ln46 & tmp_2)> <Delay = 5.46> <CoreInst = "DAddSub_fulldsp">   --->   Core 37 'DAddSub_fulldsp' <Latency = 4> <II = 1> <Delay = 5.46> <FuncUnit> <Opcode : 'dadd' 'dsub'> <InPorts = 2> <OutPorts = 1>
ST_3 : Operation 77 [3/5] (5.46ns)   --->   "%add = dadd i64 %abst_in, i64 1" [C:\scratch\2023.2\hls_product\689\2023.2\src\shared\hls\clib/hlsmath/include/FloatingPoint\hls_tanh.h:49]   --->   Operation 77 'dadd' 'add' <Predicate = (!icmp_ln36 & and_ln46) | (!icmp_ln36 & icmp_ln45)> <Delay = 5.46> <CoreInst = "DAddSub_fulldsp">   --->   Core 37 'DAddSub_fulldsp' <Latency = 4> <II = 1> <Delay = 5.46> <FuncUnit> <Opcode : 'dadd' 'dsub'> <InPorts = 2> <OutPorts = 1>

State 4 <SV = 3> <Delay = 5.46>
ST_4 : Operation 78 [3/5] (5.46ns)   --->   "%x = dsub i64 %bitcast_ln55, i64 %abst_in" [C:\scratch\2023.2\hls_product\689\2023.2\src\shared\hls\clib/hlsmath/include/FloatingPoint\hls_tanh.h:55]   --->   Operation 78 'dsub' 'x' <Predicate = (!icmp_ln36 & !icmp_ln45 & !and_ln46 & tmp_2)> <Delay = 5.46> <CoreInst = "DAddSub_fulldsp">   --->   Core 37 'DAddSub_fulldsp' <Latency = 4> <II = 1> <Delay = 5.46> <FuncUnit> <Opcode : 'dadd' 'dsub'> <InPorts = 2> <OutPorts = 1>
ST_4 : Operation 79 [3/5] (5.46ns)   --->   "%x_1 = dadd i64 %abst_in, i64 %abst_in" [C:\scratch\2023.2\hls_product\689\2023.2\src\shared\hls\clib/hlsmath/include/FloatingPoint\hls_tanh.h:58]   --->   Operation 79 'dadd' 'x_1' <Predicate = (!icmp_ln36 & !icmp_ln45 & !and_ln46 & tmp_2)> <Delay = 5.46> <CoreInst = "DAddSub_fulldsp">   --->   Core 37 'DAddSub_fulldsp' <Latency = 4> <II = 1> <Delay = 5.46> <FuncUnit> <Opcode : 'dadd' 'dsub'> <InPorts = 2> <OutPorts = 1>
ST_4 : Operation 80 [2/5] (5.46ns)   --->   "%add = dadd i64 %abst_in, i64 1" [C:\scratch\2023.2\hls_product\689\2023.2\src\shared\hls\clib/hlsmath/include/FloatingPoint\hls_tanh.h:49]   --->   Operation 80 'dadd' 'add' <Predicate = (!icmp_ln36 & and_ln46) | (!icmp_ln36 & icmp_ln45)> <Delay = 5.46> <CoreInst = "DAddSub_fulldsp">   --->   Core 37 'DAddSub_fulldsp' <Latency = 4> <II = 1> <Delay = 5.46> <FuncUnit> <Opcode : 'dadd' 'dsub'> <InPorts = 2> <OutPorts = 1>

State 5 <SV = 4> <Delay = 5.46>
ST_5 : Operation 81 [2/5] (5.46ns)   --->   "%x = dsub i64 %bitcast_ln55, i64 %abst_in" [C:\scratch\2023.2\hls_product\689\2023.2\src\shared\hls\clib/hlsmath/include/FloatingPoint\hls_tanh.h:55]   --->   Operation 81 'dsub' 'x' <Predicate = (!icmp_ln36 & !icmp_ln45 & !and_ln46 & tmp_2)> <Delay = 5.46> <CoreInst = "DAddSub_fulldsp">   --->   Core 37 'DAddSub_fulldsp' <Latency = 4> <II = 1> <Delay = 5.46> <FuncUnit> <Opcode : 'dadd' 'dsub'> <InPorts = 2> <OutPorts = 1>
ST_5 : Operation 82 [2/5] (5.46ns)   --->   "%x_1 = dadd i64 %abst_in, i64 %abst_in" [C:\scratch\2023.2\hls_product\689\2023.2\src\shared\hls\clib/hlsmath/include/FloatingPoint\hls_tanh.h:58]   --->   Operation 82 'dadd' 'x_1' <Predicate = (!icmp_ln36 & !icmp_ln45 & !and_ln46 & tmp_2)> <Delay = 5.46> <CoreInst = "DAddSub_fulldsp">   --->   Core 37 'DAddSub_fulldsp' <Latency = 4> <II = 1> <Delay = 5.46> <FuncUnit> <Opcode : 'dadd' 'dsub'> <InPorts = 2> <OutPorts = 1>
ST_5 : Operation 83 [1/5] (5.46ns)   --->   "%add = dadd i64 %abst_in, i64 1" [C:\scratch\2023.2\hls_product\689\2023.2\src\shared\hls\clib/hlsmath/include/FloatingPoint\hls_tanh.h:49]   --->   Operation 83 'dadd' 'add' <Predicate = (!icmp_ln36 & and_ln46) | (!icmp_ln36 & icmp_ln45)> <Delay = 5.46> <CoreInst = "DAddSub_fulldsp">   --->   Core 37 'DAddSub_fulldsp' <Latency = 4> <II = 1> <Delay = 5.46> <FuncUnit> <Opcode : 'dadd' 'dsub'> <InPorts = 2> <OutPorts = 1>

State 6 <SV = 5> <Delay = 7.27>
ST_6 : Operation 84 [1/5] (5.46ns)   --->   "%x = dsub i64 %bitcast_ln55, i64 %abst_in" [C:\scratch\2023.2\hls_product\689\2023.2\src\shared\hls\clib/hlsmath/include/FloatingPoint\hls_tanh.h:55]   --->   Operation 84 'dsub' 'x' <Predicate = (!icmp_ln36 & !icmp_ln45 & !and_ln46 & tmp_2)> <Delay = 5.46> <CoreInst = "DAddSub_fulldsp">   --->   Core 37 'DAddSub_fulldsp' <Latency = 4> <II = 1> <Delay = 5.46> <FuncUnit> <Opcode : 'dadd' 'dsub'> <InPorts = 2> <OutPorts = 1>
ST_6 : Operation 85 [1/5] (5.46ns)   --->   "%x_1 = dadd i64 %abst_in, i64 %abst_in" [C:\scratch\2023.2\hls_product\689\2023.2\src\shared\hls\clib/hlsmath/include/FloatingPoint\hls_tanh.h:58]   --->   Operation 85 'dadd' 'x_1' <Predicate = (!icmp_ln36 & !icmp_ln45 & !and_ln46 & tmp_2)> <Delay = 5.46> <CoreInst = "DAddSub_fulldsp">   --->   Core 37 'DAddSub_fulldsp' <Latency = 4> <II = 1> <Delay = 5.46> <FuncUnit> <Opcode : 'dadd' 'dsub'> <InPorts = 2> <OutPorts = 1>
ST_6 : Operation 86 [1/1] (0.40ns)   --->   "%x_3 = select i1 %icmp_ln54, i64 %x, i64 %x_1" [C:\scratch\2023.2\hls_product\689\2023.2\src\shared\hls\clib/hlsmath/include/FloatingPoint\hls_tanh.h:54]   --->   Operation 86 'select' 'x_3' <Predicate = (!icmp_ln36 & !icmp_ln45 & !and_ln46 & tmp_2)> <Delay = 0.40> <CoreInst = "Sel">   --->   Core 73 'Sel' <Latency = 0> <II = 1> <Delay = 0.40> <FuncUnit> <Opcode : 'select'> <InPorts = 3> <OutPorts = 1>
ST_6 : Operation 87 [1/1] (0.00ns)   --->   "%data_1 = bitcast i64 %x_3" [C:\scratch\2023.2\hls_product\689\2023.2\src\shared\hls\clib/src/hls\utils/x_hls_utils.h:459->C:\scratch\2023.2\hls_product\689\2023.2\src\shared\hls\clib\hlsmath\src\common\hls_exp_double.cpp:8->C:\scratch\2023.2\hls_product\689\2023.2\src\shared\hls\clib/hlsmath/include/FloatingPoint\hls_tanh.h:61]   --->   Operation 87 'bitcast' 'data_1' <Predicate = (!icmp_ln36 & !icmp_ln45 & !and_ln46 & tmp_2)> <Delay = 0.00>
ST_6 : Operation 88 [1/1] (0.00ns)   --->   "%xs_sign = bitselect i1 @_ssdm_op_BitSelect.i1.i64.i32, i64 %data_1, i32 63" [C:\scratch\2023.2\hls_product\689\2023.2\src\shared\hls\clib/src/hls\utils/x_hls_utils.h:460->C:\scratch\2023.2\hls_product\689\2023.2\src\shared\hls\clib\hlsmath\src\common\hls_exp_double.cpp:8->C:\scratch\2023.2\hls_product\689\2023.2\src\shared\hls\clib/hlsmath/include/FloatingPoint\hls_tanh.h:61]   --->   Operation 88 'bitselect' 'xs_sign' <Predicate = (!icmp_ln36 & !icmp_ln45 & !and_ln46 & tmp_2)> <Delay = 0.00>
ST_6 : Operation 89 [1/1] (0.00ns)   --->   "%xs_exp_1 = partselect i11 @_ssdm_op_PartSelect.i11.i64.i32.i32, i64 %data_1, i32 52, i32 62" [C:\scratch\2023.2\hls_product\689\2023.2\src\shared\hls\clib/src/hls\utils/x_hls_utils.h:461->C:\scratch\2023.2\hls_product\689\2023.2\src\shared\hls\clib\hlsmath\src\common\hls_exp_double.cpp:8->C:\scratch\2023.2\hls_product\689\2023.2\src\shared\hls\clib/hlsmath/include/FloatingPoint\hls_tanh.h:61]   --->   Operation 89 'partselect' 'xs_exp_1' <Predicate = (!icmp_ln36 & !icmp_ln45 & !and_ln46 & tmp_2)> <Delay = 0.00>
ST_6 : Operation 90 [1/1] (0.75ns)   --->   "%icmp_ln9 = icmp_ult  i11 %xs_exp_1, i11 996" [C:\scratch\2023.2\hls_product\689\2023.2\src\shared\hls\clib\hlsmath\src\common\hls_exp_double.cpp:9->C:\scratch\2023.2\hls_product\689\2023.2\src\shared\hls\clib/hlsmath/include/FloatingPoint\hls_tanh.h:61]   --->   Operation 90 'icmp' 'icmp_ln9' <Predicate = (!icmp_ln36 & !icmp_ln45 & !and_ln46 & tmp_2)> <Delay = 0.75> <CoreInst = "Cmp">   --->   Core 9 'Cmp' <Latency = 0> <II = 1> <Delay = 0.75> <FuncUnit> <Opcode : 'icmp'> <InPorts = 2> <OutPorts = 1>
ST_6 : Operation 91 [1/1] (0.75ns)   --->   "%icmp_ln9_1 = icmp_ne  i11 %xs_exp_1, i11 0" [C:\scratch\2023.2\hls_product\689\2023.2\src\shared\hls\clib\hlsmath\src\common\hls_exp_double.cpp:9->C:\scratch\2023.2\hls_product\689\2023.2\src\shared\hls\clib/hlsmath/include/FloatingPoint\hls_tanh.h:61]   --->   Operation 91 'icmp' 'icmp_ln9_1' <Predicate = (!icmp_ln36 & !icmp_ln45 & !and_ln46 & tmp_2)> <Delay = 0.75> <CoreInst = "Cmp">   --->   Core 9 'Cmp' <Latency = 0> <II = 1> <Delay = 0.75> <FuncUnit> <Opcode : 'icmp'> <InPorts = 2> <OutPorts = 1>
ST_6 : Operation 92 [1/1] (0.00ns) (grouped into LUT with out node and_ln9_1)   --->   "%and_ln9 = and i1 %icmp_ln9, i1 %icmp_ln9_1" [C:\scratch\2023.2\hls_product\689\2023.2\src\shared\hls\clib\hlsmath\src\common\hls_exp_double.cpp:9->C:\scratch\2023.2\hls_product\689\2023.2\src\shared\hls\clib/hlsmath/include/FloatingPoint\hls_tanh.h:61]   --->   Operation 92 'and' 'and_ln9' <Predicate = (!icmp_ln36 & !icmp_ln45 & !and_ln46 & tmp_2)> <Delay = 0.00> <CoreInst = "LogicGate">   --->   Core 74 'LogicGate' <Latency = 0> <II = 1> <Delay = 0.25> <FuncUnit> <Opcode : 'and' 'or' 'xor'> <InPorts = 2> <OutPorts = 1>
ST_6 : Operation 93 [1/1] (0.25ns) (out node of the LUT)   --->   "%and_ln9_1 = and i1 %and_ln9, i1 %xs_sign" [C:\scratch\2023.2\hls_product\689\2023.2\src\shared\hls\clib\hlsmath\src\common\hls_exp_double.cpp:9->C:\scratch\2023.2\hls_product\689\2023.2\src\shared\hls\clib/hlsmath/include/FloatingPoint\hls_tanh.h:61]   --->   Operation 93 'and' 'and_ln9_1' <Predicate = (!icmp_ln36 & !icmp_ln45 & !and_ln46 & tmp_2)> <Delay = 0.25> <CoreInst = "LogicGate">   --->   Core 74 'LogicGate' <Latency = 0> <II = 1> <Delay = 0.25> <FuncUnit> <Opcode : 'and' 'or' 'xor'> <InPorts = 2> <OutPorts = 1>
ST_6 : Operation 94 [1/1] (0.40ns)   --->   "%br_ln9 = br i1 %and_ln9_1, void %if.end.i, void %_ZN11exp_reduce_5expm1Ed.exit" [C:\scratch\2023.2\hls_product\689\2023.2\src\shared\hls\clib\hlsmath\src\common\hls_exp_double.cpp:9->C:\scratch\2023.2\hls_product\689\2023.2\src\shared\hls\clib/hlsmath/include/FloatingPoint\hls_tanh.h:61]   --->   Operation 94 'br' 'br_ln9' <Predicate = (!icmp_ln36 & !icmp_ln45 & !and_ln46 & tmp_2)> <Delay = 0.40>
ST_6 : Operation 95 [1/1] (0.00ns) (grouped into LUT with out node and_ln10_1)   --->   "%xor_ln10 = xor i1 %xs_sign, i1 1" [C:\scratch\2023.2\hls_product\689\2023.2\src\shared\hls\clib\hlsmath\src\common\hls_exp_double.cpp:10->C:\scratch\2023.2\hls_product\689\2023.2\src\shared\hls\clib/hlsmath/include/FloatingPoint\hls_tanh.h:61]   --->   Operation 95 'xor' 'xor_ln10' <Predicate = (!icmp_ln36 & !icmp_ln45 & !and_ln46 & tmp_2 & !and_ln9_1)> <Delay = 0.00> <CoreInst = "LogicGate">   --->   Core 74 'LogicGate' <Latency = 0> <II = 1> <Delay = 0.25> <FuncUnit> <Opcode : 'and' 'or' 'xor'> <InPorts = 2> <OutPorts = 1>
ST_6 : Operation 96 [1/1] (0.75ns)   --->   "%icmp_ln10 = icmp_ult  i11 %xs_exp_1, i11 997" [C:\scratch\2023.2\hls_product\689\2023.2\src\shared\hls\clib\hlsmath\src\common\hls_exp_double.cpp:10->C:\scratch\2023.2\hls_product\689\2023.2\src\shared\hls\clib/hlsmath/include/FloatingPoint\hls_tanh.h:61]   --->   Operation 96 'icmp' 'icmp_ln10' <Predicate = (!icmp_ln36 & !icmp_ln45 & !and_ln46 & tmp_2 & !and_ln9_1)> <Delay = 0.75> <CoreInst = "Cmp">   --->   Core 9 'Cmp' <Latency = 0> <II = 1> <Delay = 0.75> <FuncUnit> <Opcode : 'icmp'> <InPorts = 2> <OutPorts = 1>
ST_6 : Operation 97 [1/1] (0.00ns) (grouped into LUT with out node and_ln10_1)   --->   "%and_ln10 = and i1 %icmp_ln9_1, i1 %xor_ln10" [C:\scratch\2023.2\hls_product\689\2023.2\src\shared\hls\clib\hlsmath\src\common\hls_exp_double.cpp:10->C:\scratch\2023.2\hls_product\689\2023.2\src\shared\hls\clib/hlsmath/include/FloatingPoint\hls_tanh.h:61]   --->   Operation 97 'and' 'and_ln10' <Predicate = (!icmp_ln36 & !icmp_ln45 & !and_ln46 & tmp_2 & !and_ln9_1)> <Delay = 0.00> <CoreInst = "LogicGate">   --->   Core 74 'LogicGate' <Latency = 0> <II = 1> <Delay = 0.25> <FuncUnit> <Opcode : 'and' 'or' 'xor'> <InPorts = 2> <OutPorts = 1>
ST_6 : Operation 98 [1/1] (0.25ns) (out node of the LUT)   --->   "%and_ln10_1 = and i1 %and_ln10, i1 %icmp_ln10" [C:\scratch\2023.2\hls_product\689\2023.2\src\shared\hls\clib\hlsmath\src\common\hls_exp_double.cpp:10->C:\scratch\2023.2\hls_product\689\2023.2\src\shared\hls\clib/hlsmath/include/FloatingPoint\hls_tanh.h:61]   --->   Operation 98 'and' 'and_ln10_1' <Predicate = (!icmp_ln36 & !icmp_ln45 & !and_ln46 & tmp_2 & !and_ln9_1)> <Delay = 0.25> <CoreInst = "LogicGate">   --->   Core 74 'LogicGate' <Latency = 0> <II = 1> <Delay = 0.25> <FuncUnit> <Opcode : 'and' 'or' 'xor'> <InPorts = 2> <OutPorts = 1>
ST_6 : Operation 99 [1/1] (0.40ns)   --->   "%br_ln10 = br i1 %and_ln10_1, void %if.end15.i, void %_ZN11exp_reduce_5expm1Ed.exit" [C:\scratch\2023.2\hls_product\689\2023.2\src\shared\hls\clib\hlsmath\src\common\hls_exp_double.cpp:10->C:\scratch\2023.2\hls_product\689\2023.2\src\shared\hls\clib/hlsmath/include/FloatingPoint\hls_tanh.h:61]   --->   Operation 99 'br' 'br_ln10' <Predicate = (!icmp_ln36 & !icmp_ln45 & !and_ln46 & tmp_2 & !and_ln9_1)> <Delay = 0.40>
ST_6 : Operation 100 [5/5] (6.25ns)   --->   "%resultf = dmul i64 %abst_in, i64 %add" [C:\scratch\2023.2\hls_product\689\2023.2\src\shared\hls\clib/hlsmath/include/FloatingPoint\hls_tanh.h:49]   --->   Operation 100 'dmul' 'resultf' <Predicate = (!icmp_ln36 & and_ln46) | (!icmp_ln36 & icmp_ln45)> <Delay = 6.25> <CoreInst = "DMul_maxdsp">   --->   Core 49 'DMul_maxdsp' <Latency = 4> <II = 1> <Delay = 6.25> <FuncUnit> <Opcode : 'dmul'> <InPorts = 2> <OutPorts = 1>

State 7 <SV = 6> <Delay = 6.25>
ST_7 : Operation 101 [8/8] (5.62ns)   --->   "%tmp_s = call i64 @exp_generic<double>, i64 %x_3, i58 %table_exp_Z1_ap_ufixed_58_1_ap_q_mode_5_ap_o_mode_3_0_array, i26 %table_f_Z3_ap_ufixed_59_0_ap_q_mode_5_ap_o_mode_3_0_array, i42 %table_f_Z2_ap_ufixed_59_0_ap_q_mode_5_ap_o_mode_3_0_array" [C:\scratch\2023.2\hls_product\689\2023.2\src\shared\hls\clib\hlsmath\src\common\hls_exp_double.cpp:11->C:\scratch\2023.2\hls_product\689\2023.2\src\shared\hls\clib/hlsmath/include/FloatingPoint\hls_tanh.h:61]   --->   Operation 101 'call' 'tmp_s' <Predicate = (!icmp_ln36 & !icmp_ln45 & !and_ln46 & tmp_2 & !and_ln9_1 & !and_ln10_1)> <Delay = 5.62> <CoreType = "Generic">   --->   Core 0 '' <Latency = 0> <II = 1> <Delay = 1.00> <Generic> <Opcode : >
ST_7 : Operation 102 [4/5] (6.25ns)   --->   "%resultf = dmul i64 %abst_in, i64 %add" [C:\scratch\2023.2\hls_product\689\2023.2\src\shared\hls\clib/hlsmath/include/FloatingPoint\hls_tanh.h:49]   --->   Operation 102 'dmul' 'resultf' <Predicate = (!icmp_ln36 & and_ln46) | (!icmp_ln36 & icmp_ln45)> <Delay = 6.25> <CoreInst = "DMul_maxdsp">   --->   Core 49 'DMul_maxdsp' <Latency = 4> <II = 1> <Delay = 6.25> <FuncUnit> <Opcode : 'dmul'> <InPorts = 2> <OutPorts = 1>

State 8 <SV = 7> <Delay = 6.88>
ST_8 : Operation 103 [7/8] (6.88ns)   --->   "%tmp_s = call i64 @exp_generic<double>, i64 %x_3, i58 %table_exp_Z1_ap_ufixed_58_1_ap_q_mode_5_ap_o_mode_3_0_array, i26 %table_f_Z3_ap_ufixed_59_0_ap_q_mode_5_ap_o_mode_3_0_array, i42 %table_f_Z2_ap_ufixed_59_0_ap_q_mode_5_ap_o_mode_3_0_array" [C:\scratch\2023.2\hls_product\689\2023.2\src\shared\hls\clib\hlsmath\src\common\hls_exp_double.cpp:11->C:\scratch\2023.2\hls_product\689\2023.2\src\shared\hls\clib/hlsmath/include/FloatingPoint\hls_tanh.h:61]   --->   Operation 103 'call' 'tmp_s' <Predicate = (!icmp_ln36 & !icmp_ln45 & !and_ln46 & tmp_2 & !and_ln9_1 & !and_ln10_1)> <Delay = 6.88> <CoreType = "Generic">   --->   Core 0 '' <Latency = 0> <II = 1> <Delay = 1.00> <Generic> <Opcode : >
ST_8 : Operation 104 [3/5] (6.25ns)   --->   "%resultf = dmul i64 %abst_in, i64 %add" [C:\scratch\2023.2\hls_product\689\2023.2\src\shared\hls\clib/hlsmath/include/FloatingPoint\hls_tanh.h:49]   --->   Operation 104 'dmul' 'resultf' <Predicate = (!icmp_ln36 & and_ln46) | (!icmp_ln36 & icmp_ln45)> <Delay = 6.25> <CoreInst = "DMul_maxdsp">   --->   Core 49 'DMul_maxdsp' <Latency = 4> <II = 1> <Delay = 6.25> <FuncUnit> <Opcode : 'dmul'> <InPorts = 2> <OutPorts = 1>

State 9 <SV = 8> <Delay = 6.88>
ST_9 : Operation 105 [6/8] (6.88ns)   --->   "%tmp_s = call i64 @exp_generic<double>, i64 %x_3, i58 %table_exp_Z1_ap_ufixed_58_1_ap_q_mode_5_ap_o_mode_3_0_array, i26 %table_f_Z3_ap_ufixed_59_0_ap_q_mode_5_ap_o_mode_3_0_array, i42 %table_f_Z2_ap_ufixed_59_0_ap_q_mode_5_ap_o_mode_3_0_array" [C:\scratch\2023.2\hls_product\689\2023.2\src\shared\hls\clib\hlsmath\src\common\hls_exp_double.cpp:11->C:\scratch\2023.2\hls_product\689\2023.2\src\shared\hls\clib/hlsmath/include/FloatingPoint\hls_tanh.h:61]   --->   Operation 105 'call' 'tmp_s' <Predicate = (!icmp_ln36 & !icmp_ln45 & !and_ln46 & tmp_2 & !and_ln9_1 & !and_ln10_1)> <Delay = 6.88> <CoreType = "Generic">   --->   Core 0 '' <Latency = 0> <II = 1> <Delay = 1.00> <Generic> <Opcode : >
ST_9 : Operation 106 [2/5] (6.25ns)   --->   "%resultf = dmul i64 %abst_in, i64 %add" [C:\scratch\2023.2\hls_product\689\2023.2\src\shared\hls\clib/hlsmath/include/FloatingPoint\hls_tanh.h:49]   --->   Operation 106 'dmul' 'resultf' <Predicate = (!icmp_ln36 & and_ln46) | (!icmp_ln36 & icmp_ln45)> <Delay = 6.25> <CoreInst = "DMul_maxdsp">   --->   Core 49 'DMul_maxdsp' <Latency = 4> <II = 1> <Delay = 6.25> <FuncUnit> <Opcode : 'dmul'> <InPorts = 2> <OutPorts = 1>

State 10 <SV = 9> <Delay = 6.88>
ST_10 : Operation 107 [5/8] (6.88ns)   --->   "%tmp_s = call i64 @exp_generic<double>, i64 %x_3, i58 %table_exp_Z1_ap_ufixed_58_1_ap_q_mode_5_ap_o_mode_3_0_array, i26 %table_f_Z3_ap_ufixed_59_0_ap_q_mode_5_ap_o_mode_3_0_array, i42 %table_f_Z2_ap_ufixed_59_0_ap_q_mode_5_ap_o_mode_3_0_array" [C:\scratch\2023.2\hls_product\689\2023.2\src\shared\hls\clib\hlsmath\src\common\hls_exp_double.cpp:11->C:\scratch\2023.2\hls_product\689\2023.2\src\shared\hls\clib/hlsmath/include/FloatingPoint\hls_tanh.h:61]   --->   Operation 107 'call' 'tmp_s' <Predicate = (!icmp_ln36 & !icmp_ln45 & !and_ln46 & tmp_2 & !and_ln9_1 & !and_ln10_1)> <Delay = 6.88> <CoreType = "Generic">   --->   Core 0 '' <Latency = 0> <II = 1> <Delay = 1.00> <Generic> <Opcode : >
ST_10 : Operation 108 [1/5] (6.25ns)   --->   "%resultf = dmul i64 %abst_in, i64 %add" [C:\scratch\2023.2\hls_product\689\2023.2\src\shared\hls\clib/hlsmath/include/FloatingPoint\hls_tanh.h:49]   --->   Operation 108 'dmul' 'resultf' <Predicate = (!icmp_ln36 & and_ln46) | (!icmp_ln36 & icmp_ln45)> <Delay = 6.25> <CoreInst = "DMul_maxdsp">   --->   Core 49 'DMul_maxdsp' <Latency = 4> <II = 1> <Delay = 6.25> <FuncUnit> <Opcode : 'dmul'> <InPorts = 2> <OutPorts = 1>
ST_10 : Operation 109 [1/1] (0.53ns)   --->   "%br_ln50 = br void %if.end38" [C:\scratch\2023.2\hls_product\689\2023.2\src\shared\hls\clib/hlsmath/include/FloatingPoint\hls_tanh.h:50]   --->   Operation 109 'br' 'br_ln50' <Predicate = (!icmp_ln36 & and_ln46) | (!icmp_ln36 & icmp_ln45)> <Delay = 0.53>

State 11 <SV = 10> <Delay = 6.88>
ST_11 : Operation 110 [4/8] (6.88ns)   --->   "%tmp_s = call i64 @exp_generic<double>, i64 %x_3, i58 %table_exp_Z1_ap_ufixed_58_1_ap_q_mode_5_ap_o_mode_3_0_array, i26 %table_f_Z3_ap_ufixed_59_0_ap_q_mode_5_ap_o_mode_3_0_array, i42 %table_f_Z2_ap_ufixed_59_0_ap_q_mode_5_ap_o_mode_3_0_array" [C:\scratch\2023.2\hls_product\689\2023.2\src\shared\hls\clib\hlsmath\src\common\hls_exp_double.cpp:11->C:\scratch\2023.2\hls_product\689\2023.2\src\shared\hls\clib/hlsmath/include/FloatingPoint\hls_tanh.h:61]   --->   Operation 110 'call' 'tmp_s' <Predicate = (!icmp_ln36 & !icmp_ln45 & !and_ln46 & tmp_2 & !and_ln9_1 & !and_ln10_1)> <Delay = 6.88> <CoreType = "Generic">   --->   Core 0 '' <Latency = 0> <II = 1> <Delay = 1.00> <Generic> <Opcode : >

State 12 <SV = 11> <Delay = 6.88>
ST_12 : Operation 111 [3/8] (6.88ns)   --->   "%tmp_s = call i64 @exp_generic<double>, i64 %x_3, i58 %table_exp_Z1_ap_ufixed_58_1_ap_q_mode_5_ap_o_mode_3_0_array, i26 %table_f_Z3_ap_ufixed_59_0_ap_q_mode_5_ap_o_mode_3_0_array, i42 %table_f_Z2_ap_ufixed_59_0_ap_q_mode_5_ap_o_mode_3_0_array" [C:\scratch\2023.2\hls_product\689\2023.2\src\shared\hls\clib\hlsmath\src\common\hls_exp_double.cpp:11->C:\scratch\2023.2\hls_product\689\2023.2\src\shared\hls\clib/hlsmath/include/FloatingPoint\hls_tanh.h:61]   --->   Operation 111 'call' 'tmp_s' <Predicate = (!icmp_ln36 & !icmp_ln45 & !and_ln46 & tmp_2 & !and_ln9_1 & !and_ln10_1)> <Delay = 6.88> <CoreType = "Generic">   --->   Core 0 '' <Latency = 0> <II = 1> <Delay = 1.00> <Generic> <Opcode : >

State 13 <SV = 12> <Delay = 6.88>
ST_13 : Operation 112 [2/8] (6.88ns)   --->   "%tmp_s = call i64 @exp_generic<double>, i64 %x_3, i58 %table_exp_Z1_ap_ufixed_58_1_ap_q_mode_5_ap_o_mode_3_0_array, i26 %table_f_Z3_ap_ufixed_59_0_ap_q_mode_5_ap_o_mode_3_0_array, i42 %table_f_Z2_ap_ufixed_59_0_ap_q_mode_5_ap_o_mode_3_0_array" [C:\scratch\2023.2\hls_product\689\2023.2\src\shared\hls\clib\hlsmath\src\common\hls_exp_double.cpp:11->C:\scratch\2023.2\hls_product\689\2023.2\src\shared\hls\clib/hlsmath/include/FloatingPoint\hls_tanh.h:61]   --->   Operation 112 'call' 'tmp_s' <Predicate = (!icmp_ln36 & !icmp_ln45 & !and_ln46 & tmp_2 & !and_ln9_1 & !and_ln10_1)> <Delay = 6.88> <CoreType = "Generic">   --->   Core 0 '' <Latency = 0> <II = 1> <Delay = 1.00> <Generic> <Opcode : >

State 14 <SV = 13> <Delay = 6.88>
ST_14 : Operation 113 [1/8] (6.88ns)   --->   "%tmp_s = call i64 @exp_generic<double>, i64 %x_3, i58 %table_exp_Z1_ap_ufixed_58_1_ap_q_mode_5_ap_o_mode_3_0_array, i26 %table_f_Z3_ap_ufixed_59_0_ap_q_mode_5_ap_o_mode_3_0_array, i42 %table_f_Z2_ap_ufixed_59_0_ap_q_mode_5_ap_o_mode_3_0_array" [C:\scratch\2023.2\hls_product\689\2023.2\src\shared\hls\clib\hlsmath\src\common\hls_exp_double.cpp:11->C:\scratch\2023.2\hls_product\689\2023.2\src\shared\hls\clib/hlsmath/include/FloatingPoint\hls_tanh.h:61]   --->   Operation 113 'call' 'tmp_s' <Predicate = (!icmp_ln36 & !icmp_ln45 & !and_ln46 & tmp_2 & !and_ln9_1 & !and_ln10_1)> <Delay = 6.88> <CoreType = "Generic">   --->   Core 0 '' <Latency = 0> <II = 1> <Delay = 1.00> <Generic> <Opcode : >

State 15 <SV = 14> <Delay = 5.46>
ST_15 : Operation 114 [5/5] (5.46ns)   --->   "%sub_i = dadd i64 %tmp_s, i64 -1" [C:\scratch\2023.2\hls_product\689\2023.2\src\shared\hls\clib\hlsmath\src\common\hls_exp_double.cpp:11->C:\scratch\2023.2\hls_product\689\2023.2\src\shared\hls\clib/hlsmath/include/FloatingPoint\hls_tanh.h:61]   --->   Operation 114 'dadd' 'sub_i' <Predicate = (!icmp_ln36 & !icmp_ln45 & !and_ln46 & tmp_2 & !and_ln9_1 & !and_ln10_1)> <Delay = 5.46> <CoreInst = "DAddSub_fulldsp">   --->   Core 37 'DAddSub_fulldsp' <Latency = 4> <II = 1> <Delay = 5.46> <FuncUnit> <Opcode : 'dadd' 'dsub'> <InPorts = 2> <OutPorts = 1>

State 16 <SV = 15> <Delay = 5.46>
ST_16 : Operation 115 [4/5] (5.46ns)   --->   "%sub_i = dadd i64 %tmp_s, i64 -1" [C:\scratch\2023.2\hls_product\689\2023.2\src\shared\hls\clib\hlsmath\src\common\hls_exp_double.cpp:11->C:\scratch\2023.2\hls_product\689\2023.2\src\shared\hls\clib/hlsmath/include/FloatingPoint\hls_tanh.h:61]   --->   Operation 115 'dadd' 'sub_i' <Predicate = (!icmp_ln36 & !icmp_ln45 & !and_ln46 & tmp_2 & !and_ln9_1 & !and_ln10_1)> <Delay = 5.46> <CoreInst = "DAddSub_fulldsp">   --->   Core 37 'DAddSub_fulldsp' <Latency = 4> <II = 1> <Delay = 5.46> <FuncUnit> <Opcode : 'dadd' 'dsub'> <InPorts = 2> <OutPorts = 1>

State 17 <SV = 16> <Delay = 5.46>
ST_17 : Operation 116 [3/5] (5.46ns)   --->   "%sub_i = dadd i64 %tmp_s, i64 -1" [C:\scratch\2023.2\hls_product\689\2023.2\src\shared\hls\clib\hlsmath\src\common\hls_exp_double.cpp:11->C:\scratch\2023.2\hls_product\689\2023.2\src\shared\hls\clib/hlsmath/include/FloatingPoint\hls_tanh.h:61]   --->   Operation 116 'dadd' 'sub_i' <Predicate = (!icmp_ln36 & !icmp_ln45 & !and_ln46 & tmp_2 & !and_ln9_1 & !and_ln10_1)> <Delay = 5.46> <CoreInst = "DAddSub_fulldsp">   --->   Core 37 'DAddSub_fulldsp' <Latency = 4> <II = 1> <Delay = 5.46> <FuncUnit> <Opcode : 'dadd' 'dsub'> <InPorts = 2> <OutPorts = 1>

State 18 <SV = 17> <Delay = 5.46>
ST_18 : Operation 117 [2/5] (5.46ns)   --->   "%sub_i = dadd i64 %tmp_s, i64 -1" [C:\scratch\2023.2\hls_product\689\2023.2\src\shared\hls\clib\hlsmath\src\common\hls_exp_double.cpp:11->C:\scratch\2023.2\hls_product\689\2023.2\src\shared\hls\clib/hlsmath/include/FloatingPoint\hls_tanh.h:61]   --->   Operation 117 'dadd' 'sub_i' <Predicate = (!icmp_ln36 & !icmp_ln45 & !and_ln46 & tmp_2 & !and_ln9_1 & !and_ln10_1)> <Delay = 5.46> <CoreInst = "DAddSub_fulldsp">   --->   Core 37 'DAddSub_fulldsp' <Latency = 4> <II = 1> <Delay = 5.46> <FuncUnit> <Opcode : 'dadd' 'dsub'> <InPorts = 2> <OutPorts = 1>

State 19 <SV = 18> <Delay = 5.86>
ST_19 : Operation 118 [1/5] (5.46ns)   --->   "%sub_i = dadd i64 %tmp_s, i64 -1" [C:\scratch\2023.2\hls_product\689\2023.2\src\shared\hls\clib\hlsmath\src\common\hls_exp_double.cpp:11->C:\scratch\2023.2\hls_product\689\2023.2\src\shared\hls\clib/hlsmath/include/FloatingPoint\hls_tanh.h:61]   --->   Operation 118 'dadd' 'sub_i' <Predicate = (!icmp_ln36 & !icmp_ln45 & !and_ln46 & tmp_2 & !and_ln9_1 & !and_ln10_1)> <Delay = 5.46> <CoreInst = "DAddSub_fulldsp">   --->   Core 37 'DAddSub_fulldsp' <Latency = 4> <II = 1> <Delay = 5.46> <FuncUnit> <Opcode : 'dadd' 'dsub'> <InPorts = 2> <OutPorts = 1>
ST_19 : Operation 119 [1/1] (0.40ns)   --->   "%br_ln11 = br void %_ZN11exp_reduce_5expm1Ed.exit" [C:\scratch\2023.2\hls_product\689\2023.2\src\shared\hls\clib\hlsmath\src\common\hls_exp_double.cpp:11->C:\scratch\2023.2\hls_product\689\2023.2\src\shared\hls\clib/hlsmath/include/FloatingPoint\hls_tanh.h:61]   --->   Operation 119 'br' 'br_ln11' <Predicate = (!icmp_ln36 & !icmp_ln45 & !and_ln46 & tmp_2 & !and_ln9_1 & !and_ln10_1)> <Delay = 0.40>

State 20 <SV = 19> <Delay = 5.46>
ST_20 : Operation 120 [1/1] (0.00ns)   --->   "%expx = phi i64 %sub_i, void %if.end15.i, i64 %x_3, void %if.then14, i64 %x_3, void %if.end.i"   --->   Operation 120 'phi' 'expx' <Predicate = (!icmp_ln36 & !icmp_ln45 & !and_ln46 & tmp_2)> <Delay = 0.00>
ST_20 : Operation 121 [5/5] (5.46ns)   --->   "%add2 = dadd i64 %expx, i64 2" [C:\scratch\2023.2\hls_product\689\2023.2\src\shared\hls\clib/hlsmath/include/FloatingPoint\hls_tanh.h:71]   --->   Operation 121 'dadd' 'add2' <Predicate = (!icmp_ln36 & !icmp_ln45 & !and_ln46 & tmp_2)> <Delay = 5.46> <CoreInst = "DAddSub_fulldsp">   --->   Core 37 'DAddSub_fulldsp' <Latency = 4> <II = 1> <Delay = 5.46> <FuncUnit> <Opcode : 'dadd' 'dsub'> <InPorts = 2> <OutPorts = 1>

State 21 <SV = 20> <Delay = 5.46>
ST_21 : Operation 122 [4/5] (5.46ns)   --->   "%add2 = dadd i64 %expx, i64 2" [C:\scratch\2023.2\hls_product\689\2023.2\src\shared\hls\clib/hlsmath/include/FloatingPoint\hls_tanh.h:71]   --->   Operation 122 'dadd' 'add2' <Predicate = (!icmp_ln36 & !icmp_ln45 & !and_ln46 & tmp_2)> <Delay = 5.46> <CoreInst = "DAddSub_fulldsp">   --->   Core 37 'DAddSub_fulldsp' <Latency = 4> <II = 1> <Delay = 5.46> <FuncUnit> <Opcode : 'dadd' 'dsub'> <InPorts = 2> <OutPorts = 1>

State 22 <SV = 21> <Delay = 5.46>
ST_22 : Operation 123 [3/5] (5.46ns)   --->   "%add2 = dadd i64 %expx, i64 2" [C:\scratch\2023.2\hls_product\689\2023.2\src\shared\hls\clib/hlsmath/include/FloatingPoint\hls_tanh.h:71]   --->   Operation 123 'dadd' 'add2' <Predicate = (!icmp_ln36 & !icmp_ln45 & !and_ln46 & tmp_2)> <Delay = 5.46> <CoreInst = "DAddSub_fulldsp">   --->   Core 37 'DAddSub_fulldsp' <Latency = 4> <II = 1> <Delay = 5.46> <FuncUnit> <Opcode : 'dadd' 'dsub'> <InPorts = 2> <OutPorts = 1>

State 23 <SV = 22> <Delay = 5.46>
ST_23 : Operation 124 [2/5] (5.46ns)   --->   "%add2 = dadd i64 %expx, i64 2" [C:\scratch\2023.2\hls_product\689\2023.2\src\shared\hls\clib/hlsmath/include/FloatingPoint\hls_tanh.h:71]   --->   Operation 124 'dadd' 'add2' <Predicate = (!icmp_ln36 & !icmp_ln45 & !and_ln46 & tmp_2)> <Delay = 5.46> <CoreInst = "DAddSub_fulldsp">   --->   Core 37 'DAddSub_fulldsp' <Latency = 4> <II = 1> <Delay = 5.46> <FuncUnit> <Opcode : 'dadd' 'dsub'> <InPorts = 2> <OutPorts = 1>

State 24 <SV = 23> <Delay = 5.46>
ST_24 : Operation 125 [1/5] (5.46ns)   --->   "%add2 = dadd i64 %expx, i64 2" [C:\scratch\2023.2\hls_product\689\2023.2\src\shared\hls\clib/hlsmath/include/FloatingPoint\hls_tanh.h:71]   --->   Operation 125 'dadd' 'add2' <Predicate = (!icmp_ln36 & !icmp_ln45 & !and_ln46 & tmp_2)> <Delay = 5.46> <CoreInst = "DAddSub_fulldsp">   --->   Core 37 'DAddSub_fulldsp' <Latency = 4> <II = 1> <Delay = 5.46> <FuncUnit> <Opcode : 'dadd' 'dsub'> <InPorts = 2> <OutPorts = 1>
ST_24 : Operation 126 [1/1] (0.00ns)   --->   "%bitcast_ln66 = bitcast i64 %expx" [C:\scratch\2023.2\hls_product\689\2023.2\src\shared\hls\clib/hlsmath/include/FloatingPoint\hls_tanh.h:66]   --->   Operation 126 'bitcast' 'bitcast_ln66' <Predicate = (!icmp_ln36 & !icmp_ln45 & !and_ln46 & tmp_2 & icmp_ln54)> <Delay = 0.00>
ST_24 : Operation 127 [1/1] (0.34ns)   --->   "%xor_ln66 = xor i64 %bitcast_ln66, i64 9223372036854775808" [C:\scratch\2023.2\hls_product\689\2023.2\src\shared\hls\clib/hlsmath/include/FloatingPoint\hls_tanh.h:66]   --->   Operation 127 'xor' 'xor_ln66' <Predicate = (!icmp_ln36 & !icmp_ln45 & !and_ln46 & tmp_2 & icmp_ln54)> <Delay = 0.34> <CoreInst = "LogicGate">   --->   Core 74 'LogicGate' <Latency = 0> <II = 1> <Delay = 0.34> <FuncUnit> <Opcode : 'and' 'or' 'xor'> <InPorts = 2> <OutPorts = 1>

State 25 <SV = 24> <Delay = 7.11>
ST_25 : Operation 128 [17/17] (7.11ns)   --->   "%div = ddiv i64 2, i64 %add2" [C:\scratch\2023.2\hls_product\689\2023.2\src\shared\hls\clib/hlsmath/include/FloatingPoint\hls_tanh.h:71]   --->   Operation 128 'ddiv' 'div' <Predicate = (!icmp_ln36 & !icmp_ln45 & !and_ln46 & tmp_2 & !icmp_ln54)> <Delay = 7.11> <CoreInst = "DDiv">   --->   Core 39 'DDiv' <Latency = 16> <II = 1> <Delay = 7.11> <FuncUnit> <Opcode : 'ddiv' 'drem'> <InPorts = 2> <OutPorts = 1>
ST_25 : Operation 129 [1/1] (0.00ns)   --->   "%bitcast_ln66_1 = bitcast i64 %xor_ln66" [C:\scratch\2023.2\hls_product\689\2023.2\src\shared\hls\clib/hlsmath/include/FloatingPoint\hls_tanh.h:66]   --->   Operation 129 'bitcast' 'bitcast_ln66_1' <Predicate = (!icmp_ln36 & !icmp_ln45 & !and_ln46 & tmp_2 & icmp_ln54)> <Delay = 0.00>
ST_25 : Operation 130 [17/17] (7.11ns)   --->   "%resultf_1 = ddiv i64 %bitcast_ln66_1, i64 %add2" [C:\scratch\2023.2\hls_product\689\2023.2\src\shared\hls\clib/hlsmath/include/FloatingPoint\hls_tanh.h:66]   --->   Operation 130 'ddiv' 'resultf_1' <Predicate = (!icmp_ln36 & !icmp_ln45 & !and_ln46 & tmp_2 & icmp_ln54)> <Delay = 7.11> <CoreInst = "DDiv">   --->   Core 39 'DDiv' <Latency = 16> <II = 1> <Delay = 7.11> <FuncUnit> <Opcode : 'ddiv' 'drem'> <InPorts = 2> <OutPorts = 1>

State 26 <SV = 25> <Delay = 7.11>
ST_26 : Operation 131 [16/17] (7.11ns)   --->   "%div = ddiv i64 2, i64 %add2" [C:\scratch\2023.2\hls_product\689\2023.2\src\shared\hls\clib/hlsmath/include/FloatingPoint\hls_tanh.h:71]   --->   Operation 131 'ddiv' 'div' <Predicate = (!icmp_ln36 & !icmp_ln45 & !and_ln46 & tmp_2 & !icmp_ln54)> <Delay = 7.11> <CoreInst = "DDiv">   --->   Core 39 'DDiv' <Latency = 16> <II = 1> <Delay = 7.11> <FuncUnit> <Opcode : 'ddiv' 'drem'> <InPorts = 2> <OutPorts = 1>
ST_26 : Operation 132 [16/17] (7.11ns)   --->   "%resultf_1 = ddiv i64 %bitcast_ln66_1, i64 %add2" [C:\scratch\2023.2\hls_product\689\2023.2\src\shared\hls\clib/hlsmath/include/FloatingPoint\hls_tanh.h:66]   --->   Operation 132 'ddiv' 'resultf_1' <Predicate = (!icmp_ln36 & !icmp_ln45 & !and_ln46 & tmp_2 & icmp_ln54)> <Delay = 7.11> <CoreInst = "DDiv">   --->   Core 39 'DDiv' <Latency = 16> <II = 1> <Delay = 7.11> <FuncUnit> <Opcode : 'ddiv' 'drem'> <InPorts = 2> <OutPorts = 1>

State 27 <SV = 26> <Delay = 7.11>
ST_27 : Operation 133 [15/17] (7.11ns)   --->   "%div = ddiv i64 2, i64 %add2" [C:\scratch\2023.2\hls_product\689\2023.2\src\shared\hls\clib/hlsmath/include/FloatingPoint\hls_tanh.h:71]   --->   Operation 133 'ddiv' 'div' <Predicate = (!icmp_ln36 & !icmp_ln45 & !and_ln46 & tmp_2 & !icmp_ln54)> <Delay = 7.11> <CoreInst = "DDiv">   --->   Core 39 'DDiv' <Latency = 16> <II = 1> <Delay = 7.11> <FuncUnit> <Opcode : 'ddiv' 'drem'> <InPorts = 2> <OutPorts = 1>
ST_27 : Operation 134 [15/17] (7.11ns)   --->   "%resultf_1 = ddiv i64 %bitcast_ln66_1, i64 %add2" [C:\scratch\2023.2\hls_product\689\2023.2\src\shared\hls\clib/hlsmath/include/FloatingPoint\hls_tanh.h:66]   --->   Operation 134 'ddiv' 'resultf_1' <Predicate = (!icmp_ln36 & !icmp_ln45 & !and_ln46 & tmp_2 & icmp_ln54)> <Delay = 7.11> <CoreInst = "DDiv">   --->   Core 39 'DDiv' <Latency = 16> <II = 1> <Delay = 7.11> <FuncUnit> <Opcode : 'ddiv' 'drem'> <InPorts = 2> <OutPorts = 1>

State 28 <SV = 27> <Delay = 7.11>
ST_28 : Operation 135 [14/17] (7.11ns)   --->   "%div = ddiv i64 2, i64 %add2" [C:\scratch\2023.2\hls_product\689\2023.2\src\shared\hls\clib/hlsmath/include/FloatingPoint\hls_tanh.h:71]   --->   Operation 135 'ddiv' 'div' <Predicate = (!icmp_ln36 & !icmp_ln45 & !and_ln46 & tmp_2 & !icmp_ln54)> <Delay = 7.11> <CoreInst = "DDiv">   --->   Core 39 'DDiv' <Latency = 16> <II = 1> <Delay = 7.11> <FuncUnit> <Opcode : 'ddiv' 'drem'> <InPorts = 2> <OutPorts = 1>
ST_28 : Operation 136 [14/17] (7.11ns)   --->   "%resultf_1 = ddiv i64 %bitcast_ln66_1, i64 %add2" [C:\scratch\2023.2\hls_product\689\2023.2\src\shared\hls\clib/hlsmath/include/FloatingPoint\hls_tanh.h:66]   --->   Operation 136 'ddiv' 'resultf_1' <Predicate = (!icmp_ln36 & !icmp_ln45 & !and_ln46 & tmp_2 & icmp_ln54)> <Delay = 7.11> <CoreInst = "DDiv">   --->   Core 39 'DDiv' <Latency = 16> <II = 1> <Delay = 7.11> <FuncUnit> <Opcode : 'ddiv' 'drem'> <InPorts = 2> <OutPorts = 1>

State 29 <SV = 28> <Delay = 7.11>
ST_29 : Operation 137 [13/17] (7.11ns)   --->   "%div = ddiv i64 2, i64 %add2" [C:\scratch\2023.2\hls_product\689\2023.2\src\shared\hls\clib/hlsmath/include/FloatingPoint\hls_tanh.h:71]   --->   Operation 137 'ddiv' 'div' <Predicate = (!icmp_ln36 & !icmp_ln45 & !and_ln46 & tmp_2 & !icmp_ln54)> <Delay = 7.11> <CoreInst = "DDiv">   --->   Core 39 'DDiv' <Latency = 16> <II = 1> <Delay = 7.11> <FuncUnit> <Opcode : 'ddiv' 'drem'> <InPorts = 2> <OutPorts = 1>
ST_29 : Operation 138 [13/17] (7.11ns)   --->   "%resultf_1 = ddiv i64 %bitcast_ln66_1, i64 %add2" [C:\scratch\2023.2\hls_product\689\2023.2\src\shared\hls\clib/hlsmath/include/FloatingPoint\hls_tanh.h:66]   --->   Operation 138 'ddiv' 'resultf_1' <Predicate = (!icmp_ln36 & !icmp_ln45 & !and_ln46 & tmp_2 & icmp_ln54)> <Delay = 7.11> <CoreInst = "DDiv">   --->   Core 39 'DDiv' <Latency = 16> <II = 1> <Delay = 7.11> <FuncUnit> <Opcode : 'ddiv' 'drem'> <InPorts = 2> <OutPorts = 1>

State 30 <SV = 29> <Delay = 7.11>
ST_30 : Operation 139 [12/17] (7.11ns)   --->   "%div = ddiv i64 2, i64 %add2" [C:\scratch\2023.2\hls_product\689\2023.2\src\shared\hls\clib/hlsmath/include/FloatingPoint\hls_tanh.h:71]   --->   Operation 139 'ddiv' 'div' <Predicate = (!icmp_ln36 & !icmp_ln45 & !and_ln46 & tmp_2 & !icmp_ln54)> <Delay = 7.11> <CoreInst = "DDiv">   --->   Core 39 'DDiv' <Latency = 16> <II = 1> <Delay = 7.11> <FuncUnit> <Opcode : 'ddiv' 'drem'> <InPorts = 2> <OutPorts = 1>
ST_30 : Operation 140 [12/17] (7.11ns)   --->   "%resultf_1 = ddiv i64 %bitcast_ln66_1, i64 %add2" [C:\scratch\2023.2\hls_product\689\2023.2\src\shared\hls\clib/hlsmath/include/FloatingPoint\hls_tanh.h:66]   --->   Operation 140 'ddiv' 'resultf_1' <Predicate = (!icmp_ln36 & !icmp_ln45 & !and_ln46 & tmp_2 & icmp_ln54)> <Delay = 7.11> <CoreInst = "DDiv">   --->   Core 39 'DDiv' <Latency = 16> <II = 1> <Delay = 7.11> <FuncUnit> <Opcode : 'ddiv' 'drem'> <InPorts = 2> <OutPorts = 1>

State 31 <SV = 30> <Delay = 7.11>
ST_31 : Operation 141 [11/17] (7.11ns)   --->   "%div = ddiv i64 2, i64 %add2" [C:\scratch\2023.2\hls_product\689\2023.2\src\shared\hls\clib/hlsmath/include/FloatingPoint\hls_tanh.h:71]   --->   Operation 141 'ddiv' 'div' <Predicate = (!icmp_ln36 & !icmp_ln45 & !and_ln46 & tmp_2 & !icmp_ln54)> <Delay = 7.11> <CoreInst = "DDiv">   --->   Core 39 'DDiv' <Latency = 16> <II = 1> <Delay = 7.11> <FuncUnit> <Opcode : 'ddiv' 'drem'> <InPorts = 2> <OutPorts = 1>
ST_31 : Operation 142 [11/17] (7.11ns)   --->   "%resultf_1 = ddiv i64 %bitcast_ln66_1, i64 %add2" [C:\scratch\2023.2\hls_product\689\2023.2\src\shared\hls\clib/hlsmath/include/FloatingPoint\hls_tanh.h:66]   --->   Operation 142 'ddiv' 'resultf_1' <Predicate = (!icmp_ln36 & !icmp_ln45 & !and_ln46 & tmp_2 & icmp_ln54)> <Delay = 7.11> <CoreInst = "DDiv">   --->   Core 39 'DDiv' <Latency = 16> <II = 1> <Delay = 7.11> <FuncUnit> <Opcode : 'ddiv' 'drem'> <InPorts = 2> <OutPorts = 1>

State 32 <SV = 31> <Delay = 7.11>
ST_32 : Operation 143 [10/17] (7.11ns)   --->   "%div = ddiv i64 2, i64 %add2" [C:\scratch\2023.2\hls_product\689\2023.2\src\shared\hls\clib/hlsmath/include/FloatingPoint\hls_tanh.h:71]   --->   Operation 143 'ddiv' 'div' <Predicate = (!icmp_ln36 & !icmp_ln45 & !and_ln46 & tmp_2 & !icmp_ln54)> <Delay = 7.11> <CoreInst = "DDiv">   --->   Core 39 'DDiv' <Latency = 16> <II = 1> <Delay = 7.11> <FuncUnit> <Opcode : 'ddiv' 'drem'> <InPorts = 2> <OutPorts = 1>
ST_32 : Operation 144 [10/17] (7.11ns)   --->   "%resultf_1 = ddiv i64 %bitcast_ln66_1, i64 %add2" [C:\scratch\2023.2\hls_product\689\2023.2\src\shared\hls\clib/hlsmath/include/FloatingPoint\hls_tanh.h:66]   --->   Operation 144 'ddiv' 'resultf_1' <Predicate = (!icmp_ln36 & !icmp_ln45 & !and_ln46 & tmp_2 & icmp_ln54)> <Delay = 7.11> <CoreInst = "DDiv">   --->   Core 39 'DDiv' <Latency = 16> <II = 1> <Delay = 7.11> <FuncUnit> <Opcode : 'ddiv' 'drem'> <InPorts = 2> <OutPorts = 1>

State 33 <SV = 32> <Delay = 7.11>
ST_33 : Operation 145 [9/17] (7.11ns)   --->   "%div = ddiv i64 2, i64 %add2" [C:\scratch\2023.2\hls_product\689\2023.2\src\shared\hls\clib/hlsmath/include/FloatingPoint\hls_tanh.h:71]   --->   Operation 145 'ddiv' 'div' <Predicate = (!icmp_ln36 & !icmp_ln45 & !and_ln46 & tmp_2 & !icmp_ln54)> <Delay = 7.11> <CoreInst = "DDiv">   --->   Core 39 'DDiv' <Latency = 16> <II = 1> <Delay = 7.11> <FuncUnit> <Opcode : 'ddiv' 'drem'> <InPorts = 2> <OutPorts = 1>
ST_33 : Operation 146 [9/17] (7.11ns)   --->   "%resultf_1 = ddiv i64 %bitcast_ln66_1, i64 %add2" [C:\scratch\2023.2\hls_product\689\2023.2\src\shared\hls\clib/hlsmath/include/FloatingPoint\hls_tanh.h:66]   --->   Operation 146 'ddiv' 'resultf_1' <Predicate = (!icmp_ln36 & !icmp_ln45 & !and_ln46 & tmp_2 & icmp_ln54)> <Delay = 7.11> <CoreInst = "DDiv">   --->   Core 39 'DDiv' <Latency = 16> <II = 1> <Delay = 7.11> <FuncUnit> <Opcode : 'ddiv' 'drem'> <InPorts = 2> <OutPorts = 1>

State 34 <SV = 33> <Delay = 7.11>
ST_34 : Operation 147 [8/17] (7.11ns)   --->   "%div = ddiv i64 2, i64 %add2" [C:\scratch\2023.2\hls_product\689\2023.2\src\shared\hls\clib/hlsmath/include/FloatingPoint\hls_tanh.h:71]   --->   Operation 147 'ddiv' 'div' <Predicate = (!icmp_ln36 & !icmp_ln45 & !and_ln46 & tmp_2 & !icmp_ln54)> <Delay = 7.11> <CoreInst = "DDiv">   --->   Core 39 'DDiv' <Latency = 16> <II = 1> <Delay = 7.11> <FuncUnit> <Opcode : 'ddiv' 'drem'> <InPorts = 2> <OutPorts = 1>
ST_34 : Operation 148 [8/17] (7.11ns)   --->   "%resultf_1 = ddiv i64 %bitcast_ln66_1, i64 %add2" [C:\scratch\2023.2\hls_product\689\2023.2\src\shared\hls\clib/hlsmath/include/FloatingPoint\hls_tanh.h:66]   --->   Operation 148 'ddiv' 'resultf_1' <Predicate = (!icmp_ln36 & !icmp_ln45 & !and_ln46 & tmp_2 & icmp_ln54)> <Delay = 7.11> <CoreInst = "DDiv">   --->   Core 39 'DDiv' <Latency = 16> <II = 1> <Delay = 7.11> <FuncUnit> <Opcode : 'ddiv' 'drem'> <InPorts = 2> <OutPorts = 1>

State 35 <SV = 34> <Delay = 7.11>
ST_35 : Operation 149 [7/17] (7.11ns)   --->   "%div = ddiv i64 2, i64 %add2" [C:\scratch\2023.2\hls_product\689\2023.2\src\shared\hls\clib/hlsmath/include/FloatingPoint\hls_tanh.h:71]   --->   Operation 149 'ddiv' 'div' <Predicate = (!icmp_ln36 & !icmp_ln45 & !and_ln46 & tmp_2 & !icmp_ln54)> <Delay = 7.11> <CoreInst = "DDiv">   --->   Core 39 'DDiv' <Latency = 16> <II = 1> <Delay = 7.11> <FuncUnit> <Opcode : 'ddiv' 'drem'> <InPorts = 2> <OutPorts = 1>
ST_35 : Operation 150 [7/17] (7.11ns)   --->   "%resultf_1 = ddiv i64 %bitcast_ln66_1, i64 %add2" [C:\scratch\2023.2\hls_product\689\2023.2\src\shared\hls\clib/hlsmath/include/FloatingPoint\hls_tanh.h:66]   --->   Operation 150 'ddiv' 'resultf_1' <Predicate = (!icmp_ln36 & !icmp_ln45 & !and_ln46 & tmp_2 & icmp_ln54)> <Delay = 7.11> <CoreInst = "DDiv">   --->   Core 39 'DDiv' <Latency = 16> <II = 1> <Delay = 7.11> <FuncUnit> <Opcode : 'ddiv' 'drem'> <InPorts = 2> <OutPorts = 1>

State 36 <SV = 35> <Delay = 7.11>
ST_36 : Operation 151 [6/17] (7.11ns)   --->   "%div = ddiv i64 2, i64 %add2" [C:\scratch\2023.2\hls_product\689\2023.2\src\shared\hls\clib/hlsmath/include/FloatingPoint\hls_tanh.h:71]   --->   Operation 151 'ddiv' 'div' <Predicate = (!icmp_ln36 & !icmp_ln45 & !and_ln46 & tmp_2 & !icmp_ln54)> <Delay = 7.11> <CoreInst = "DDiv">   --->   Core 39 'DDiv' <Latency = 16> <II = 1> <Delay = 7.11> <FuncUnit> <Opcode : 'ddiv' 'drem'> <InPorts = 2> <OutPorts = 1>
ST_36 : Operation 152 [6/17] (7.11ns)   --->   "%resultf_1 = ddiv i64 %bitcast_ln66_1, i64 %add2" [C:\scratch\2023.2\hls_product\689\2023.2\src\shared\hls\clib/hlsmath/include/FloatingPoint\hls_tanh.h:66]   --->   Operation 152 'ddiv' 'resultf_1' <Predicate = (!icmp_ln36 & !icmp_ln45 & !and_ln46 & tmp_2 & icmp_ln54)> <Delay = 7.11> <CoreInst = "DDiv">   --->   Core 39 'DDiv' <Latency = 16> <II = 1> <Delay = 7.11> <FuncUnit> <Opcode : 'ddiv' 'drem'> <InPorts = 2> <OutPorts = 1>

State 37 <SV = 36> <Delay = 7.11>
ST_37 : Operation 153 [5/17] (7.11ns)   --->   "%div = ddiv i64 2, i64 %add2" [C:\scratch\2023.2\hls_product\689\2023.2\src\shared\hls\clib/hlsmath/include/FloatingPoint\hls_tanh.h:71]   --->   Operation 153 'ddiv' 'div' <Predicate = (!icmp_ln36 & !icmp_ln45 & !and_ln46 & tmp_2 & !icmp_ln54)> <Delay = 7.11> <CoreInst = "DDiv">   --->   Core 39 'DDiv' <Latency = 16> <II = 1> <Delay = 7.11> <FuncUnit> <Opcode : 'ddiv' 'drem'> <InPorts = 2> <OutPorts = 1>
ST_37 : Operation 154 [5/17] (7.11ns)   --->   "%resultf_1 = ddiv i64 %bitcast_ln66_1, i64 %add2" [C:\scratch\2023.2\hls_product\689\2023.2\src\shared\hls\clib/hlsmath/include/FloatingPoint\hls_tanh.h:66]   --->   Operation 154 'ddiv' 'resultf_1' <Predicate = (!icmp_ln36 & !icmp_ln45 & !and_ln46 & tmp_2 & icmp_ln54)> <Delay = 7.11> <CoreInst = "DDiv">   --->   Core 39 'DDiv' <Latency = 16> <II = 1> <Delay = 7.11> <FuncUnit> <Opcode : 'ddiv' 'drem'> <InPorts = 2> <OutPorts = 1>

State 38 <SV = 37> <Delay = 7.11>
ST_38 : Operation 155 [4/17] (7.11ns)   --->   "%div = ddiv i64 2, i64 %add2" [C:\scratch\2023.2\hls_product\689\2023.2\src\shared\hls\clib/hlsmath/include/FloatingPoint\hls_tanh.h:71]   --->   Operation 155 'ddiv' 'div' <Predicate = (!icmp_ln36 & !icmp_ln45 & !and_ln46 & tmp_2 & !icmp_ln54)> <Delay = 7.11> <CoreInst = "DDiv">   --->   Core 39 'DDiv' <Latency = 16> <II = 1> <Delay = 7.11> <FuncUnit> <Opcode : 'ddiv' 'drem'> <InPorts = 2> <OutPorts = 1>
ST_38 : Operation 156 [4/17] (7.11ns)   --->   "%resultf_1 = ddiv i64 %bitcast_ln66_1, i64 %add2" [C:\scratch\2023.2\hls_product\689\2023.2\src\shared\hls\clib/hlsmath/include/FloatingPoint\hls_tanh.h:66]   --->   Operation 156 'ddiv' 'resultf_1' <Predicate = (!icmp_ln36 & !icmp_ln45 & !and_ln46 & tmp_2 & icmp_ln54)> <Delay = 7.11> <CoreInst = "DDiv">   --->   Core 39 'DDiv' <Latency = 16> <II = 1> <Delay = 7.11> <FuncUnit> <Opcode : 'ddiv' 'drem'> <InPorts = 2> <OutPorts = 1>

State 39 <SV = 38> <Delay = 7.11>
ST_39 : Operation 157 [3/17] (7.11ns)   --->   "%div = ddiv i64 2, i64 %add2" [C:\scratch\2023.2\hls_product\689\2023.2\src\shared\hls\clib/hlsmath/include/FloatingPoint\hls_tanh.h:71]   --->   Operation 157 'ddiv' 'div' <Predicate = (!icmp_ln36 & !icmp_ln45 & !and_ln46 & tmp_2 & !icmp_ln54)> <Delay = 7.11> <CoreInst = "DDiv">   --->   Core 39 'DDiv' <Latency = 16> <II = 1> <Delay = 7.11> <FuncUnit> <Opcode : 'ddiv' 'drem'> <InPorts = 2> <OutPorts = 1>
ST_39 : Operation 158 [3/17] (7.11ns)   --->   "%resultf_1 = ddiv i64 %bitcast_ln66_1, i64 %add2" [C:\scratch\2023.2\hls_product\689\2023.2\src\shared\hls\clib/hlsmath/include/FloatingPoint\hls_tanh.h:66]   --->   Operation 158 'ddiv' 'resultf_1' <Predicate = (!icmp_ln36 & !icmp_ln45 & !and_ln46 & tmp_2 & icmp_ln54)> <Delay = 7.11> <CoreInst = "DDiv">   --->   Core 39 'DDiv' <Latency = 16> <II = 1> <Delay = 7.11> <FuncUnit> <Opcode : 'ddiv' 'drem'> <InPorts = 2> <OutPorts = 1>

State 40 <SV = 39> <Delay = 7.11>
ST_40 : Operation 159 [2/17] (7.11ns)   --->   "%div = ddiv i64 2, i64 %add2" [C:\scratch\2023.2\hls_product\689\2023.2\src\shared\hls\clib/hlsmath/include/FloatingPoint\hls_tanh.h:71]   --->   Operation 159 'ddiv' 'div' <Predicate = (!icmp_ln36 & !icmp_ln45 & !and_ln46 & tmp_2 & !icmp_ln54)> <Delay = 7.11> <CoreInst = "DDiv">   --->   Core 39 'DDiv' <Latency = 16> <II = 1> <Delay = 7.11> <FuncUnit> <Opcode : 'ddiv' 'drem'> <InPorts = 2> <OutPorts = 1>
ST_40 : Operation 160 [2/17] (7.11ns)   --->   "%resultf_1 = ddiv i64 %bitcast_ln66_1, i64 %add2" [C:\scratch\2023.2\hls_product\689\2023.2\src\shared\hls\clib/hlsmath/include/FloatingPoint\hls_tanh.h:66]   --->   Operation 160 'ddiv' 'resultf_1' <Predicate = (!icmp_ln36 & !icmp_ln45 & !and_ln46 & tmp_2 & icmp_ln54)> <Delay = 7.11> <CoreInst = "DDiv">   --->   Core 39 'DDiv' <Latency = 16> <II = 1> <Delay = 7.11> <FuncUnit> <Opcode : 'ddiv' 'drem'> <InPorts = 2> <OutPorts = 1>

State 41 <SV = 40> <Delay = 7.11>
ST_41 : Operation 161 [1/17] (7.11ns)   --->   "%div = ddiv i64 2, i64 %add2" [C:\scratch\2023.2\hls_product\689\2023.2\src\shared\hls\clib/hlsmath/include/FloatingPoint\hls_tanh.h:71]   --->   Operation 161 'ddiv' 'div' <Predicate = (!icmp_ln36 & !icmp_ln45 & !and_ln46 & tmp_2 & !icmp_ln54)> <Delay = 7.11> <CoreInst = "DDiv">   --->   Core 39 'DDiv' <Latency = 16> <II = 1> <Delay = 7.11> <FuncUnit> <Opcode : 'ddiv' 'drem'> <InPorts = 2> <OutPorts = 1>
ST_41 : Operation 162 [1/17] (7.11ns)   --->   "%resultf_1 = ddiv i64 %bitcast_ln66_1, i64 %add2" [C:\scratch\2023.2\hls_product\689\2023.2\src\shared\hls\clib/hlsmath/include/FloatingPoint\hls_tanh.h:66]   --->   Operation 162 'ddiv' 'resultf_1' <Predicate = (!icmp_ln36 & !icmp_ln45 & !and_ln46 & tmp_2 & icmp_ln54)> <Delay = 7.11> <CoreInst = "DDiv">   --->   Core 39 'DDiv' <Latency = 16> <II = 1> <Delay = 7.11> <FuncUnit> <Opcode : 'ddiv' 'drem'> <InPorts = 2> <OutPorts = 1>

State 42 <SV = 41> <Delay = 5.46>
ST_42 : Operation 163 [5/5] (5.46ns)   --->   "%resultf_2 = dsub i64 1, i64 %div" [C:\scratch\2023.2\hls_product\689\2023.2\src\shared\hls\clib/hlsmath/include/FloatingPoint\hls_tanh.h:71]   --->   Operation 163 'dsub' 'resultf_2' <Predicate = (!icmp_ln36 & !icmp_ln45 & !and_ln46 & tmp_2 & !icmp_ln54)> <Delay = 5.46> <CoreInst = "DAddSub_fulldsp">   --->   Core 37 'DAddSub_fulldsp' <Latency = 4> <II = 1> <Delay = 5.46> <FuncUnit> <Opcode : 'dadd' 'dsub'> <InPorts = 2> <OutPorts = 1>
ST_42 : Operation 164 [1/1] (0.53ns)   --->   "%br_ln67 = br void %if.end38" [C:\scratch\2023.2\hls_product\689\2023.2\src\shared\hls\clib/hlsmath/include/FloatingPoint\hls_tanh.h:67]   --->   Operation 164 'br' 'br_ln67' <Predicate = (!icmp_ln36 & !icmp_ln45 & !and_ln46 & tmp_2 & icmp_ln54)> <Delay = 0.53>

State 43 <SV = 42> <Delay = 5.46>
ST_43 : Operation 165 [4/5] (5.46ns)   --->   "%resultf_2 = dsub i64 1, i64 %div" [C:\scratch\2023.2\hls_product\689\2023.2\src\shared\hls\clib/hlsmath/include/FloatingPoint\hls_tanh.h:71]   --->   Operation 165 'dsub' 'resultf_2' <Predicate = (!icmp_ln36 & !icmp_ln45 & !and_ln46 & tmp_2 & !icmp_ln54)> <Delay = 5.46> <CoreInst = "DAddSub_fulldsp">   --->   Core 37 'DAddSub_fulldsp' <Latency = 4> <II = 1> <Delay = 5.46> <FuncUnit> <Opcode : 'dadd' 'dsub'> <InPorts = 2> <OutPorts = 1>

State 44 <SV = 43> <Delay = 5.46>
ST_44 : Operation 166 [3/5] (5.46ns)   --->   "%resultf_2 = dsub i64 1, i64 %div" [C:\scratch\2023.2\hls_product\689\2023.2\src\shared\hls\clib/hlsmath/include/FloatingPoint\hls_tanh.h:71]   --->   Operation 166 'dsub' 'resultf_2' <Predicate = (!icmp_ln36 & !icmp_ln45 & !and_ln46 & tmp_2 & !icmp_ln54)> <Delay = 5.46> <CoreInst = "DAddSub_fulldsp">   --->   Core 37 'DAddSub_fulldsp' <Latency = 4> <II = 1> <Delay = 5.46> <FuncUnit> <Opcode : 'dadd' 'dsub'> <InPorts = 2> <OutPorts = 1>

State 45 <SV = 44> <Delay = 5.46>
ST_45 : Operation 167 [2/5] (5.46ns)   --->   "%resultf_2 = dsub i64 1, i64 %div" [C:\scratch\2023.2\hls_product\689\2023.2\src\shared\hls\clib/hlsmath/include/FloatingPoint\hls_tanh.h:71]   --->   Operation 167 'dsub' 'resultf_2' <Predicate = (!icmp_ln36 & !icmp_ln45 & !and_ln46 & tmp_2 & !icmp_ln54)> <Delay = 5.46> <CoreInst = "DAddSub_fulldsp">   --->   Core 37 'DAddSub_fulldsp' <Latency = 4> <II = 1> <Delay = 5.46> <FuncUnit> <Opcode : 'dadd' 'dsub'> <InPorts = 2> <OutPorts = 1>
ST_45 : Operation 168 [1/1] (0.40ns)   --->   "%select_ln38 = select i1 %icmp_ln38, i64 nan, i64 1" [C:\scratch\2023.2\hls_product\689\2023.2\src\shared\hls\clib/hlsmath/include/FloatingPoint\hls_tanh.h:38]   --->   Operation 168 'select' 'select_ln38' <Predicate = (icmp_ln36)> <Delay = 0.40> <CoreInst = "Sel">   --->   Core 73 'Sel' <Latency = 0> <II = 1> <Delay = 0.40> <FuncUnit> <Opcode : 'select'> <InPorts = 3> <OutPorts = 1>
ST_45 : Operation 169 [1/1] (0.53ns)   --->   "%br_ln38 = br void %if.end38" [C:\scratch\2023.2\hls_product\689\2023.2\src\shared\hls\clib/hlsmath/include/FloatingPoint\hls_tanh.h:38]   --->   Operation 169 'br' 'br_ln38' <Predicate = (icmp_ln36)> <Delay = 0.53>

State 46 <SV = 45> <Delay = 6.39>
ST_46 : Operation 170 [1/5] (5.46ns)   --->   "%resultf_2 = dsub i64 1, i64 %div" [C:\scratch\2023.2\hls_product\689\2023.2\src\shared\hls\clib/hlsmath/include/FloatingPoint\hls_tanh.h:71]   --->   Operation 170 'dsub' 'resultf_2' <Predicate = (!icmp_ln36 & !icmp_ln45 & !and_ln46 & tmp_2 & !icmp_ln54)> <Delay = 5.46> <CoreInst = "DAddSub_fulldsp">   --->   Core 37 'DAddSub_fulldsp' <Latency = 4> <II = 1> <Delay = 5.46> <FuncUnit> <Opcode : 'dadd' 'dsub'> <InPorts = 2> <OutPorts = 1>
ST_46 : Operation 171 [1/1] (0.53ns)   --->   "%br_ln0 = br void %if.end38"   --->   Operation 171 'br' 'br_ln0' <Predicate = (!icmp_ln36 & !icmp_ln45 & !and_ln46 & tmp_2 & !icmp_ln54)> <Delay = 0.53>
ST_46 : Operation 172 [1/1] (0.00ns)   --->   "%resultf_3 = phi i64 %resultf, void %if.then12, i64 %resultf_1, void %if.then25, i64 %resultf_2, void %if.else28, i64 %select_ln38, void %if.then, i64 1, void %if.else13"   --->   Operation 172 'phi' 'resultf_3' <Predicate = true> <Delay = 0.00>
ST_46 : Operation 173 [1/1] (0.00ns) (grouped into LUT with out node select_ln79)   --->   "%bitcast_ln83 = bitcast i64 %resultf_3" [C:\scratch\2023.2\hls_product\689\2023.2\src\shared\hls\clib/hlsmath/include/FloatingPoint\hls_tanh.h:83]   --->   Operation 173 'bitcast' 'bitcast_ln83' <Predicate = (din_sign)> <Delay = 0.00>
ST_46 : Operation 174 [1/1] (0.00ns) (grouped into LUT with out node select_ln79)   --->   "%xor_ln83 = xor i64 %bitcast_ln83, i64 9223372036854775808" [C:\scratch\2023.2\hls_product\689\2023.2\src\shared\hls\clib/hlsmath/include/FloatingPoint\hls_tanh.h:83]   --->   Operation 174 'xor' 'xor_ln83' <Predicate = (din_sign)> <Delay = 0.00> <CoreInst = "LogicGate">   --->   Core 74 'LogicGate' <Latency = 0> <II = 1> <Delay = 0.34> <FuncUnit> <Opcode : 'and' 'or' 'xor'> <InPorts = 2> <OutPorts = 1>
ST_46 : Operation 175 [1/1] (0.00ns) (grouped into LUT with out node select_ln79)   --->   "%bitcast_ln83_1 = bitcast i64 %xor_ln83" [C:\scratch\2023.2\hls_product\689\2023.2\src\shared\hls\clib/hlsmath/include/FloatingPoint\hls_tanh.h:83]   --->   Operation 175 'bitcast' 'bitcast_ln83_1' <Predicate = (din_sign)> <Delay = 0.00>
ST_46 : Operation 176 [1/1] (0.40ns) (out node of the LUT)   --->   "%select_ln79 = select i1 %din_sign, i64 %bitcast_ln83_1, i64 %resultf_3" [C:\scratch\2023.2\hls_product\689\2023.2\src\shared\hls\clib/hlsmath/include/FloatingPoint\hls_tanh.h:79]   --->   Operation 176 'select' 'select_ln79' <Predicate = true> <Delay = 0.40> <CoreInst = "Sel">   --->   Core 73 'Sel' <Latency = 0> <II = 1> <Delay = 0.40> <FuncUnit> <Opcode : 'select'> <InPorts = 3> <OutPorts = 1>
ST_46 : Operation 177 [1/1] (0.00ns)   --->   "%ret_ln85 = ret i64 %select_ln79" [C:\scratch\2023.2\hls_product\689\2023.2\src\shared\hls\clib/hlsmath/include/FloatingPoint\hls_tanh.h:85]   --->   Operation 177 'ret' 'ret_ln85' <Predicate = true> <Delay = 0.00>


============================================================
+ Verbose Summary: Timing violations
============================================================
Target clock period: 10.000ns, clock uncertainty: 2.700ns.

 <State 1>: 5.460ns
The critical path consists of the following:
	wire read operation ('t_in', C:\scratch\2023.2\hls_product\689\2023.2\src\shared\hls\clib/hlsmath/include/FloatingPoint\hls_tanh.h:28) on port 't_in' (C:\scratch\2023.2\hls_product\689\2023.2\src\shared\hls\clib/hlsmath/include/FloatingPoint\hls_tanh.h:28) [5]  (0.000 ns)
	'dadd' operation 64 bit ('add', C:\scratch\2023.2\hls_product\689\2023.2\src\shared\hls\clib/hlsmath/include/FloatingPoint\hls_tanh.h:49) [66]  (5.460 ns)

 <State 2>: 5.460ns
The critical path consists of the following:
	'dadd' operation 64 bit ('add', C:\scratch\2023.2\hls_product\689\2023.2\src\shared\hls\clib/hlsmath/include/FloatingPoint\hls_tanh.h:49) [66]  (5.460 ns)

 <State 3>: 5.460ns
The critical path consists of the following:
	'dadd' operation 64 bit ('add', C:\scratch\2023.2\hls_product\689\2023.2\src\shared\hls\clib/hlsmath/include/FloatingPoint\hls_tanh.h:49) [66]  (5.460 ns)

 <State 4>: 5.460ns
The critical path consists of the following:
	'dadd' operation 64 bit ('add', C:\scratch\2023.2\hls_product\689\2023.2\src\shared\hls\clib/hlsmath/include/FloatingPoint\hls_tanh.h:49) [66]  (5.460 ns)

 <State 5>: 5.460ns
The critical path consists of the following:
	'dadd' operation 64 bit ('add', C:\scratch\2023.2\hls_product\689\2023.2\src\shared\hls\clib/hlsmath/include/FloatingPoint\hls_tanh.h:49) [66]  (5.460 ns)

 <State 6>: 7.275ns
The critical path consists of the following:
	'dsub' operation 64 bit ('x', C:\scratch\2023.2\hls_product\689\2023.2\src\shared\hls\clib/hlsmath/include/FloatingPoint\hls_tanh.h:55) [30]  (5.460 ns)
	'select' operation 64 bit ('x', C:\scratch\2023.2\hls_product\689\2023.2\src\shared\hls\clib/hlsmath/include/FloatingPoint\hls_tanh.h:54) [32]  (0.404 ns)
	'icmp' operation 1 bit ('icmp_ln9_1', C:\scratch\2023.2\hls_product\689\2023.2\src\shared\hls\clib\hlsmath\src\common\hls_exp_double.cpp:9->C:\scratch\2023.2\hls_product\689\2023.2\src\shared\hls\clib/hlsmath/include/FloatingPoint\hls_tanh.h:61) [37]  (0.753 ns)
	'and' operation 1 bit ('and_ln10', C:\scratch\2023.2\hls_product\689\2023.2\src\shared\hls\clib\hlsmath\src\common\hls_exp_double.cpp:10->C:\scratch\2023.2\hls_product\689\2023.2\src\shared\hls\clib/hlsmath/include/FloatingPoint\hls_tanh.h:61) [44]  (0.000 ns)
	'and' operation 1 bit ('and_ln10_1', C:\scratch\2023.2\hls_product\689\2023.2\src\shared\hls\clib\hlsmath\src\common\hls_exp_double.cpp:10->C:\scratch\2023.2\hls_product\689\2023.2\src\shared\hls\clib/hlsmath/include/FloatingPoint\hls_tanh.h:61) [45]  (0.256 ns)
	multiplexor before 'phi' operation 64 bit ('x') with incoming values : ('x', C:\scratch\2023.2\hls_product\689\2023.2\src\shared\hls\clib/hlsmath/include/FloatingPoint\hls_tanh.h:54) ('sub_i', C:\scratch\2023.2\hls_product\689\2023.2\src\shared\hls\clib\hlsmath\src\common\hls_exp_double.cpp:11->C:\scratch\2023.2\hls_product\689\2023.2\src\shared\hls\clib/hlsmath/include/FloatingPoint\hls_tanh.h:61) [52]  (0.402 ns)

 <State 7>: 6.251ns
The critical path consists of the following:
	'dmul' operation 64 bit ('resultf', C:\scratch\2023.2\hls_product\689\2023.2\src\shared\hls\clib/hlsmath/include/FloatingPoint\hls_tanh.h:49) [67]  (6.251 ns)

 <State 8>: 6.881ns
The critical path consists of the following:
	'call' operation 64 bit ('tmp_s', C:\scratch\2023.2\hls_product\689\2023.2\src\shared\hls\clib\hlsmath\src\common\hls_exp_double.cpp:11->C:\scratch\2023.2\hls_product\689\2023.2\src\shared\hls\clib/hlsmath/include/FloatingPoint\hls_tanh.h:61) to 'exp_generic<double>' [48]  (6.881 ns)

 <State 9>: 6.881ns
The critical path consists of the following:
	'call' operation 64 bit ('tmp_s', C:\scratch\2023.2\hls_product\689\2023.2\src\shared\hls\clib\hlsmath\src\common\hls_exp_double.cpp:11->C:\scratch\2023.2\hls_product\689\2023.2\src\shared\hls\clib/hlsmath/include/FloatingPoint\hls_tanh.h:61) to 'exp_generic<double>' [48]  (6.881 ns)

 <State 10>: 6.881ns
The critical path consists of the following:
	'call' operation 64 bit ('tmp_s', C:\scratch\2023.2\hls_product\689\2023.2\src\shared\hls\clib\hlsmath\src\common\hls_exp_double.cpp:11->C:\scratch\2023.2\hls_product\689\2023.2\src\shared\hls\clib/hlsmath/include/FloatingPoint\hls_tanh.h:61) to 'exp_generic<double>' [48]  (6.881 ns)

 <State 11>: 6.881ns
The critical path consists of the following:
	'call' operation 64 bit ('tmp_s', C:\scratch\2023.2\hls_product\689\2023.2\src\shared\hls\clib\hlsmath\src\common\hls_exp_double.cpp:11->C:\scratch\2023.2\hls_product\689\2023.2\src\shared\hls\clib/hlsmath/include/FloatingPoint\hls_tanh.h:61) to 'exp_generic<double>' [48]  (6.881 ns)

 <State 12>: 6.881ns
The critical path consists of the following:
	'call' operation 64 bit ('tmp_s', C:\scratch\2023.2\hls_product\689\2023.2\src\shared\hls\clib\hlsmath\src\common\hls_exp_double.cpp:11->C:\scratch\2023.2\hls_product\689\2023.2\src\shared\hls\clib/hlsmath/include/FloatingPoint\hls_tanh.h:61) to 'exp_generic<double>' [48]  (6.881 ns)

 <State 13>: 6.881ns
The critical path consists of the following:
	'call' operation 64 bit ('tmp_s', C:\scratch\2023.2\hls_product\689\2023.2\src\shared\hls\clib\hlsmath\src\common\hls_exp_double.cpp:11->C:\scratch\2023.2\hls_product\689\2023.2\src\shared\hls\clib/hlsmath/include/FloatingPoint\hls_tanh.h:61) to 'exp_generic<double>' [48]  (6.881 ns)

 <State 14>: 6.881ns
The critical path consists of the following:
	'call' operation 64 bit ('tmp_s', C:\scratch\2023.2\hls_product\689\2023.2\src\shared\hls\clib\hlsmath\src\common\hls_exp_double.cpp:11->C:\scratch\2023.2\hls_product\689\2023.2\src\shared\hls\clib/hlsmath/include/FloatingPoint\hls_tanh.h:61) to 'exp_generic<double>' [48]  (6.881 ns)

 <State 15>: 5.460ns
The critical path consists of the following:
	'dadd' operation 64 bit ('sub_i', C:\scratch\2023.2\hls_product\689\2023.2\src\shared\hls\clib\hlsmath\src\common\hls_exp_double.cpp:11->C:\scratch\2023.2\hls_product\689\2023.2\src\shared\hls\clib/hlsmath/include/FloatingPoint\hls_tanh.h:61) [49]  (5.460 ns)

 <State 16>: 5.460ns
The critical path consists of the following:
	'dadd' operation 64 bit ('sub_i', C:\scratch\2023.2\hls_product\689\2023.2\src\shared\hls\clib\hlsmath\src\common\hls_exp_double.cpp:11->C:\scratch\2023.2\hls_product\689\2023.2\src\shared\hls\clib/hlsmath/include/FloatingPoint\hls_tanh.h:61) [49]  (5.460 ns)

 <State 17>: 5.460ns
The critical path consists of the following:
	'dadd' operation 64 bit ('sub_i', C:\scratch\2023.2\hls_product\689\2023.2\src\shared\hls\clib\hlsmath\src\common\hls_exp_double.cpp:11->C:\scratch\2023.2\hls_product\689\2023.2\src\shared\hls\clib/hlsmath/include/FloatingPoint\hls_tanh.h:61) [49]  (5.460 ns)

 <State 18>: 5.460ns
The critical path consists of the following:
	'dadd' operation 64 bit ('sub_i', C:\scratch\2023.2\hls_product\689\2023.2\src\shared\hls\clib\hlsmath\src\common\hls_exp_double.cpp:11->C:\scratch\2023.2\hls_product\689\2023.2\src\shared\hls\clib/hlsmath/include/FloatingPoint\hls_tanh.h:61) [49]  (5.460 ns)

 <State 19>: 5.862ns
The critical path consists of the following:
	'dadd' operation 64 bit ('sub_i', C:\scratch\2023.2\hls_product\689\2023.2\src\shared\hls\clib\hlsmath\src\common\hls_exp_double.cpp:11->C:\scratch\2023.2\hls_product\689\2023.2\src\shared\hls\clib/hlsmath/include/FloatingPoint\hls_tanh.h:61) [49]  (5.460 ns)
	multiplexor before 'phi' operation 64 bit ('x') with incoming values : ('x', C:\scratch\2023.2\hls_product\689\2023.2\src\shared\hls\clib/hlsmath/include/FloatingPoint\hls_tanh.h:54) ('sub_i', C:\scratch\2023.2\hls_product\689\2023.2\src\shared\hls\clib\hlsmath\src\common\hls_exp_double.cpp:11->C:\scratch\2023.2\hls_product\689\2023.2\src\shared\hls\clib/hlsmath/include/FloatingPoint\hls_tanh.h:61) [52]  (0.402 ns)

 <State 20>: 5.460ns
The critical path consists of the following:
	'phi' operation 64 bit ('x') with incoming values : ('x', C:\scratch\2023.2\hls_product\689\2023.2\src\shared\hls\clib/hlsmath/include/FloatingPoint\hls_tanh.h:54) ('sub_i', C:\scratch\2023.2\hls_product\689\2023.2\src\shared\hls\clib\hlsmath\src\common\hls_exp_double.cpp:11->C:\scratch\2023.2\hls_product\689\2023.2\src\shared\hls\clib/hlsmath/include/FloatingPoint\hls_tanh.h:61) [52]  (0.000 ns)
	'dadd' operation 64 bit ('add2', C:\scratch\2023.2\hls_product\689\2023.2\src\shared\hls\clib/hlsmath/include/FloatingPoint\hls_tanh.h:71) [53]  (5.460 ns)

 <State 21>: 5.460ns
The critical path consists of the following:
	'dadd' operation 64 bit ('add2', C:\scratch\2023.2\hls_product\689\2023.2\src\shared\hls\clib/hlsmath/include/FloatingPoint\hls_tanh.h:71) [53]  (5.460 ns)

 <State 22>: 5.460ns
The critical path consists of the following:
	'dadd' operation 64 bit ('add2', C:\scratch\2023.2\hls_product\689\2023.2\src\shared\hls\clib/hlsmath/include/FloatingPoint\hls_tanh.h:71) [53]  (5.460 ns)

 <State 23>: 5.460ns
The critical path consists of the following:
	'dadd' operation 64 bit ('add2', C:\scratch\2023.2\hls_product\689\2023.2\src\shared\hls\clib/hlsmath/include/FloatingPoint\hls_tanh.h:71) [53]  (5.460 ns)

 <State 24>: 5.460ns
The critical path consists of the following:
	'dadd' operation 64 bit ('add2', C:\scratch\2023.2\hls_product\689\2023.2\src\shared\hls\clib/hlsmath/include/FloatingPoint\hls_tanh.h:71) [53]  (5.460 ns)

 <State 25>: 7.110ns
The critical path consists of the following:
	'ddiv' operation 64 bit ('div', C:\scratch\2023.2\hls_product\689\2023.2\src\shared\hls\clib/hlsmath/include/FloatingPoint\hls_tanh.h:71) [56]  (7.110 ns)

 <State 26>: 7.110ns
The critical path consists of the following:
	'ddiv' operation 64 bit ('div', C:\scratch\2023.2\hls_product\689\2023.2\src\shared\hls\clib/hlsmath/include/FloatingPoint\hls_tanh.h:71) [56]  (7.110 ns)

 <State 27>: 7.110ns
The critical path consists of the following:
	'ddiv' operation 64 bit ('div', C:\scratch\2023.2\hls_product\689\2023.2\src\shared\hls\clib/hlsmath/include/FloatingPoint\hls_tanh.h:71) [56]  (7.110 ns)

 <State 28>: 7.110ns
The critical path consists of the following:
	'ddiv' operation 64 bit ('div', C:\scratch\2023.2\hls_product\689\2023.2\src\shared\hls\clib/hlsmath/include/FloatingPoint\hls_tanh.h:71) [56]  (7.110 ns)

 <State 29>: 7.110ns
The critical path consists of the following:
	'ddiv' operation 64 bit ('div', C:\scratch\2023.2\hls_product\689\2023.2\src\shared\hls\clib/hlsmath/include/FloatingPoint\hls_tanh.h:71) [56]  (7.110 ns)

 <State 30>: 7.110ns
The critical path consists of the following:
	'ddiv' operation 64 bit ('div', C:\scratch\2023.2\hls_product\689\2023.2\src\shared\hls\clib/hlsmath/include/FloatingPoint\hls_tanh.h:71) [56]  (7.110 ns)

 <State 31>: 7.110ns
The critical path consists of the following:
	'ddiv' operation 64 bit ('div', C:\scratch\2023.2\hls_product\689\2023.2\src\shared\hls\clib/hlsmath/include/FloatingPoint\hls_tanh.h:71) [56]  (7.110 ns)

 <State 32>: 7.110ns
The critical path consists of the following:
	'ddiv' operation 64 bit ('div', C:\scratch\2023.2\hls_product\689\2023.2\src\shared\hls\clib/hlsmath/include/FloatingPoint\hls_tanh.h:71) [56]  (7.110 ns)

 <State 33>: 7.110ns
The critical path consists of the following:
	'ddiv' operation 64 bit ('div', C:\scratch\2023.2\hls_product\689\2023.2\src\shared\hls\clib/hlsmath/include/FloatingPoint\hls_tanh.h:71) [56]  (7.110 ns)

 <State 34>: 7.110ns
The critical path consists of the following:
	'ddiv' operation 64 bit ('div', C:\scratch\2023.2\hls_product\689\2023.2\src\shared\hls\clib/hlsmath/include/FloatingPoint\hls_tanh.h:71) [56]  (7.110 ns)

 <State 35>: 7.110ns
The critical path consists of the following:
	'ddiv' operation 64 bit ('div', C:\scratch\2023.2\hls_product\689\2023.2\src\shared\hls\clib/hlsmath/include/FloatingPoint\hls_tanh.h:71) [56]  (7.110 ns)

 <State 36>: 7.110ns
The critical path consists of the following:
	'ddiv' operation 64 bit ('div', C:\scratch\2023.2\hls_product\689\2023.2\src\shared\hls\clib/hlsmath/include/FloatingPoint\hls_tanh.h:71) [56]  (7.110 ns)

 <State 37>: 7.110ns
The critical path consists of the following:
	'ddiv' operation 64 bit ('div', C:\scratch\2023.2\hls_product\689\2023.2\src\shared\hls\clib/hlsmath/include/FloatingPoint\hls_tanh.h:71) [56]  (7.110 ns)

 <State 38>: 7.110ns
The critical path consists of the following:
	'ddiv' operation 64 bit ('div', C:\scratch\2023.2\hls_product\689\2023.2\src\shared\hls\clib/hlsmath/include/FloatingPoint\hls_tanh.h:71) [56]  (7.110 ns)

 <State 39>: 7.110ns
The critical path consists of the following:
	'ddiv' operation 64 bit ('div', C:\scratch\2023.2\hls_product\689\2023.2\src\shared\hls\clib/hlsmath/include/FloatingPoint\hls_tanh.h:71) [56]  (7.110 ns)

 <State 40>: 7.110ns
The critical path consists of the following:
	'ddiv' operation 64 bit ('div', C:\scratch\2023.2\hls_product\689\2023.2\src\shared\hls\clib/hlsmath/include/FloatingPoint\hls_tanh.h:71) [56]  (7.110 ns)

 <State 41>: 7.110ns
The critical path consists of the following:
	'ddiv' operation 64 bit ('div', C:\scratch\2023.2\hls_product\689\2023.2\src\shared\hls\clib/hlsmath/include/FloatingPoint\hls_tanh.h:71) [56]  (7.110 ns)

 <State 42>: 5.460ns
The critical path consists of the following:
	'dsub' operation 64 bit ('resultf', C:\scratch\2023.2\hls_product\689\2023.2\src\shared\hls\clib/hlsmath/include/FloatingPoint\hls_tanh.h:71) [57]  (5.460 ns)

 <State 43>: 5.460ns
The critical path consists of the following:
	'dsub' operation 64 bit ('resultf', C:\scratch\2023.2\hls_product\689\2023.2\src\shared\hls\clib/hlsmath/include/FloatingPoint\hls_tanh.h:71) [57]  (5.460 ns)

 <State 44>: 5.460ns
The critical path consists of the following:
	'dsub' operation 64 bit ('resultf', C:\scratch\2023.2\hls_product\689\2023.2\src\shared\hls\clib/hlsmath/include/FloatingPoint\hls_tanh.h:71) [57]  (5.460 ns)

 <State 45>: 5.460ns
The critical path consists of the following:
	'dsub' operation 64 bit ('resultf', C:\scratch\2023.2\hls_product\689\2023.2\src\shared\hls\clib/hlsmath/include/FloatingPoint\hls_tanh.h:71) [57]  (5.460 ns)

 <State 46>: 6.399ns
The critical path consists of the following:
	'dsub' operation 64 bit ('resultf', C:\scratch\2023.2\hls_product\689\2023.2\src\shared\hls\clib/hlsmath/include/FloatingPoint\hls_tanh.h:71) [57]  (5.460 ns)
	multiplexor before 'phi' operation 64 bit ('resultf') with incoming values : ('resultf', C:\scratch\2023.2\hls_product\689\2023.2\src\shared\hls\clib/hlsmath/include/FloatingPoint\hls_tanh.h:71) ('resultf', C:\scratch\2023.2\hls_product\689\2023.2\src\shared\hls\clib/hlsmath/include/FloatingPoint\hls_tanh.h:66) ('resultf', C:\scratch\2023.2\hls_product\689\2023.2\src\shared\hls\clib/hlsmath/include/FloatingPoint\hls_tanh.h:49) ('select_ln38', C:\scratch\2023.2\hls_product\689\2023.2\src\shared\hls\clib/hlsmath/include/FloatingPoint\hls_tanh.h:38) [74]  (0.535 ns)
	'phi' operation 64 bit ('resultf') with incoming values : ('resultf', C:\scratch\2023.2\hls_product\689\2023.2\src\shared\hls\clib/hlsmath/include/FloatingPoint\hls_tanh.h:71) ('resultf', C:\scratch\2023.2\hls_product\689\2023.2\src\shared\hls\clib/hlsmath/include/FloatingPoint\hls_tanh.h:66) ('resultf', C:\scratch\2023.2\hls_product\689\2023.2\src\shared\hls\clib/hlsmath/include/FloatingPoint\hls_tanh.h:49) ('select_ln38', C:\scratch\2023.2\hls_product\689\2023.2\src\shared\hls\clib/hlsmath/include/FloatingPoint\hls_tanh.h:38) [74]  (0.000 ns)
	'select' operation 64 bit ('select_ln79', C:\scratch\2023.2\hls_product\689\2023.2\src\shared\hls\clib/hlsmath/include/FloatingPoint\hls_tanh.h:79) [78]  (0.404 ns)


============================================================
+ Verbose Summary: Binding
============================================================
N/A
* FSMD analyzer results:
  - Output states:
 - Input state : 
  - Chain level:
	State 1
	State 2
	State 3
	State 4
	State 5
	State 6
	State 7
	State 8
	State 9
	State 10
	State 11
	State 12
	State 13
	State 14
	State 15
	State 16
	State 17
	State 18
	State 19
	State 20
	State 21
	State 22
	State 23
	State 24
	State 25
	State 26
	State 27
	State 28
	State 29
	State 30
	State 31
	State 32
	State 33
	State 34
	State 35
	State 36
	State 37
	State 38
	State 39
	State 40
	State 41
	State 42
	State 43
	State 44
	State 45
	State 46


============================================================
+ Verbose Summary: Datapath Resource usage 
============================================================
N/A
